#
# There is insufficient memory for the Java Runtime Environment to continue.
# Native memory allocation (mmap) failed to map 4128768 bytes for G1 virtual space
# Possible reasons:
#   The system is out of physical RAM or swap space
#   The process is running with CompressedOops enabled, and the Java Heap may be blocking the growth of the native heap
# Possible solutions:
#   Reduce memory load on the system
#   Increase physical memory or swap space
#   Check if swap backing store is full
#   Decrease Java heap size (-Xmx/-Xms)
#   Decrease number of Java threads
#   Decrease Java thread stack sizes (-Xss)
#   Set larger code cache with -XX:ReservedCodeCacheSize=
#   JVM is running with Zero Based Compressed Oops mode in which the Java heap is
#     placed in the first 32GB address space. The Java Heap base address is the
#     maximum limit for the native heap growth. Please use -XX:HeapBaseMinAddress
#     to set the Java Heap base and to place the Java Heap above 32GB virtual address.
# This output file may be truncated or incomplete.
#
#  Out of Memory Error (os_windows.cpp:3613), pid=24800, tid=5424
#
# JRE version:  (17.0.9+9) (build )
# Java VM: OpenJDK 64-Bit Server VM (17.0.9+9, mixed mode, sharing, tiered, compressed oops, compressed class ptrs, g1 gc, windows-amd64)
# No core dump will be written. Minidumps are not enabled by default on client versions of Windows
#

---------------  S U M M A R Y ------------

Command Line: -Dfile.encoding=UTF-8 -Dstdout.encoding=UTF-8 -Dstderr.encoding=UTF-8 --module-path=E:\SPRING_BOOT\JavaLearnings\bin -XX:+ShowCodeDetailsInExceptionMessages -Djdk.module.main=JavaLearnings JavaLearnings/com.java8.exceptionHandling.ExceptionHandlingExample

Host: 11th Gen Intel(R) Core(TM) i5-1135G7 @ 2.40GHz, 8 cores, 15G,  Windows 11 , 64 bit Build 22621 (10.0.22621.3958)
Time: Sun Sep  8 21:36:54 2024 India Standard Time elapsed time: 0.015233 seconds (0d 0h 0m 0s)

---------------  T H R E A D  ---------------

Current thread (0x0000024776544430):  JavaThread "Unknown thread" [_thread_in_vm, id=5424, stack(0x000000777e300000,0x000000777e400000)]

Stack: [0x000000777e300000,0x000000777e400000]
Native frames: (J=compiled Java code, j=interpreted, Vv=VM code, C=native code)
V  [jvm.dll+0x67cf49]
V  [jvm.dll+0x83478a]
V  [jvm.dll+0x83624e]
V  [jvm.dll+0x8368b3]
V  [jvm.dll+0x247f1f]
V  [jvm.dll+0x679d69]
V  [jvm.dll+0x66e6ba]
V  [jvm.dll+0x307e5b]
V  [jvm.dll+0x30f306]
V  [jvm.dll+0x35f0e3]
V  [jvm.dll+0x35f2ff]
V  [jvm.dll+0x2dea58]
V  [jvm.dll+0x2df9c4]
V  [jvm.dll+0x806031]
V  [jvm.dll+0x36cf31]
V  [jvm.dll+0x7e4aac]
V  [jvm.dll+0x3f07af]
V  [jvm.dll+0x3f23e1]
C  [jli.dll+0x528f]
C  [ucrtbase.dll+0x29333]
C  [KERNEL32.DLL+0x1257d]
C  [ntdll.dll+0x5af28]


---------------  P R O C E S S  ---------------

Threads class SMR info:
_java_thread_list=0x00007ffb8d1dee98, length=0, elements={
}

Java Threads: ( => current thread )

Other Threads:
  0x00000247765b0990 GCTaskThread "GC Thread#0" [stack: 0x000000777e400000,0x000000777e500000] [id=16952]
  0x00000247765c14b0 ConcurrentGCThread "G1 Main Marker" [stack: 0x000000777e500000,0x000000777e600000] [id=15656]
  0x00000247765c1ed0 ConcurrentGCThread "G1 Conc#0" [stack: 0x000000777e600000,0x000000777e700000] [id=33172]

[error occurred during error reporting (printing all threads), id 0xc0000005, EXCEPTION_ACCESS_VIOLATION (0xc0000005) at pc=0x00007ffb8c99f497]

VM state: not at safepoint (not fully initialized)

VM Mutex/Monitor currently owned by a thread:  ([mutex/lock_event])
[0x0000024776540610] Heap_lock - owner thread: 0x0000024776544430

Heap address: 0x0000000704200000, size: 4030 MB, Compressed Oops mode: Zero based, Oop shift amount: 3

CDS archive(s) mapped at: [0x0000000000000000-0x0000000000000000-0x0000000000000000), size 0, SharedBaseAddress: 0x0000000800000000, ArchiveRelocationMode: 1.
Narrow klass base: 0x0000000000000000, Narrow klass shift: 0, Narrow klass range: 0x0

GC Precious Log:
<Empty>

Heap:
 garbage-first heap   total 0K, used 0K [0x0000000704200000, 0x0000000800000000)
  region size 2048K, 0 young (0K), 0 survivors (0K)

[error occurred during error reporting (printing heap information), id 0xc0000005, EXCEPTION_ACCESS_VIOLATION (0xc0000005) at pc=0x00007ffb8cd86c79]

GC Heap History (0 events):
No events

Dll operation events (1 events):
Event: 0.010 Loaded shared library E:\Eclipse New\eclipse\plugins\org.eclipse.justj.openjdk.hotspot.jre.full.win32.x86_64_17.0.9.v20231028-0858\jre\bin\java.dll

Deoptimization events (0 events):
No events

Classes unloaded (0 events):
No events

Classes redefined (0 events):
No events

Internal exceptions (0 events):
No events

VM Operations (0 events):
No events

Events (0 events):
No events


Dynamic libraries:
0x00007ff725cb0000 - 0x00007ff725cbe000 	E:\Eclipse New\eclipse\plugins\org.eclipse.justj.openjdk.hotspot.jre.full.win32.x86_64_17.0.9.v20231028-0858\jre\bin\javaw.exe
0x00007ffc19630000 - 0x00007ffc19847000 	C:\Windows\SYSTEM32\ntdll.dll
0x00007ffc178a0000 - 0x00007ffc17964000 	C:\Windows\System32\KERNEL32.DLL
0x00007ffc16dc0000 - 0x00007ffc1716d000 	C:\Windows\System32\KERNELBASE.dll
0x0000000064400000 - 0x000000006449e000 	C:\ProgramData\Symantec\Symantec Endpoint Protection\14.3.11216.9000.105\Data\Sysfer\x64\sysfer.dll
0x00007ffc17170000 - 0x00007ffc17281000 	C:\Windows\System32\ucrtbase.dll
0x00007ffc00ce0000 - 0x00007ffc00cf7000 	E:\Eclipse New\eclipse\plugins\org.eclipse.justj.openjdk.hotspot.jre.full.win32.x86_64_17.0.9.v20231028-0858\jre\bin\jli.dll
0x00007ffc17360000 - 0x00007ffc1750e000 	C:\Windows\System32\USER32.dll
0x00007ffc16bf0000 - 0x00007ffc16c16000 	C:\Windows\System32\win32u.dll
0x00007ffc18410000 - 0x00007ffc18439000 	C:\Windows\System32\GDI32.dll
0x00007ffc16ca0000 - 0x00007ffc16db9000 	C:\Windows\System32\gdi32full.dll
0x00007ffc172c0000 - 0x00007ffc1735a000 	C:\Windows\System32\msvcp_win.dll
0x00007ffbe8f50000 - 0x00007ffbe91e3000 	C:\Windows\WinSxS\amd64_microsoft.windows.common-controls_6595b64144ccf1df_6.0.22621.3672_none_2713b9d173822955\COMCTL32.dll
0x00007ffc19020000 - 0x00007ffc190c7000 	C:\Windows\System32\msvcrt.dll
0x00007ffc00850000 - 0x00007ffc0086b000 	E:\Eclipse New\eclipse\plugins\org.eclipse.justj.openjdk.hotspot.jre.full.win32.x86_64_17.0.9.v20231028-0858\jre\bin\VCRUNTIME140.dll
0x00007ffc183c0000 - 0x00007ffc183f1000 	C:\Windows\System32\IMM32.DLL
0x00007ffc00c00000 - 0x00007ffc00c0c000 	E:\Eclipse New\eclipse\plugins\org.eclipse.justj.openjdk.hotspot.jre.full.win32.x86_64_17.0.9.v20231028-0858\jre\bin\vcruntime140_1.dll
0x00007ffbf5510000 - 0x00007ffbf559d000 	E:\Eclipse New\eclipse\plugins\org.eclipse.justj.openjdk.hotspot.jre.full.win32.x86_64_17.0.9.v20231028-0858\jre\bin\msvcp140.dll
0x00007ffb8c6b0000 - 0x00007ffb8d311000 	E:\Eclipse New\eclipse\plugins\org.eclipse.justj.openjdk.hotspot.jre.full.win32.x86_64_17.0.9.v20231028-0858\jre\bin\server\jvm.dll
0x00007ffc18300000 - 0x00007ffc183b2000 	C:\Windows\System32\ADVAPI32.dll
0x00007ffc184f0000 - 0x00007ffc18599000 	C:\Windows\System32\sechost.dll
0x00007ffc17290000 - 0x00007ffc172b8000 	C:\Windows\System32\bcrypt.dll
0x00007ffc181e0000 - 0x00007ffc182f4000 	C:\Windows\System32\RPCRT4.dll
0x00007ffc157a0000 - 0x00007ffc157ed000 	C:\Windows\SYSTEM32\POWRPROF.dll
0x00007ffbee800000 - 0x00007ffbee809000 	C:\Windows\SYSTEM32\WSOCK32.dll
0x00007ffc186a0000 - 0x00007ffc18711000 	C:\Windows\System32\WS2_32.dll
0x00007ffc0a7e0000 - 0x00007ffc0a814000 	C:\Windows\SYSTEM32\WINMM.dll
0x00007ffc082f0000 - 0x00007ffc082fa000 	C:\Windows\SYSTEM32\VERSION.dll
0x00007ffc15780000 - 0x00007ffc15793000 	C:\Windows\SYSTEM32\UMPDC.dll
0x00007ffc15a30000 - 0x00007ffc15a48000 	C:\Windows\SYSTEM32\kernel.appcore.dll
0x00007ffbdeb60000 - 0x00007ffbdeb6a000 	E:\Eclipse New\eclipse\plugins\org.eclipse.justj.openjdk.hotspot.jre.full.win32.x86_64_17.0.9.v20231028-0858\jre\bin\jimage.dll
0x00007ffc14120000 - 0x00007ffc14352000 	C:\Windows\SYSTEM32\DBGHELP.DLL
0x00007ffc17510000 - 0x00007ffc1789d000 	C:\Windows\System32\combase.dll
0x00007ffc18780000 - 0x00007ffc18857000 	C:\Windows\System32\OLEAUT32.dll
0x00007ffbf1070000 - 0x00007ffbf10a2000 	C:\Windows\SYSTEM32\dbgcore.DLL
0x00007ffc16c20000 - 0x00007ffc16c9b000 	C:\Windows\System32\bcryptPrimitives.dll
0x00007ffb8c680000 - 0x00007ffb8c6a5000 	E:\Eclipse New\eclipse\plugins\org.eclipse.justj.openjdk.hotspot.jre.full.win32.x86_64_17.0.9.v20231028-0858\jre\bin\java.dll

dbghelp: loaded successfully - version: 4.0.5 - missing functions: none
symbol engine: initialized successfully - sym options: 0x614 - pdb path: .;E:\Eclipse New\eclipse\plugins\org.eclipse.justj.openjdk.hotspot.jre.full.win32.x86_64_17.0.9.v20231028-0858\jre\bin;C:\Windows\SYSTEM32;C:\ProgramData\Symantec\Symantec Endpoint Protection\14.3.11216.9000.105\Data\Sysfer\x64;C:\Windows\WinSxS\amd64_microsoft.windows.common-controls_6595b64144ccf1df_6.0.22621.3672_none_2713b9d173822955;E:\Eclipse New\eclipse\plugins\org.eclipse.justj.openjdk.hotspot.jre.full.win32.x86_64_17.0.9.v20231028-0858\jre\bin\server

VM Arguments:
jvm_args: -Dfile.encoding=UTF-8 -Dstdout.encoding=UTF-8 -Dstderr.encoding=UTF-8 --module-path=E:\SPRING_BOOT\JavaLearnings\bin -XX:+ShowCodeDetailsInExceptionMessages -Djdk.module.main=JavaLearnings 
java_command: JavaLearnings/com.java8.exceptionHandling.ExceptionHandlingExample
java_class_path (initial): <not set>
Launcher Type: SUN_STANDARD

[Global flags]
     intx CICompilerCount                          = 4                                         {product} {ergonomic}
     uint ConcGCThreads                            = 2                                         {product} {ergonomic}
     uint G1ConcRefinementThreads                  = 8                                         {product} {ergonomic}
   size_t G1HeapRegionSize                         = 2097152                                   {product} {ergonomic}
    uintx GCDrainStackTargetSize                   = 64                                        {product} {ergonomic}
   size_t InitialHeapSize                          = 264241152                                 {product} {ergonomic}
   size_t MarkStackSize                            = 4194304                                   {product} {ergonomic}
   size_t MaxHeapSize                              = 4225761280                                {product} {ergonomic}
   size_t MinHeapDeltaBytes                        = 2097152                                   {product} {ergonomic}
   size_t MinHeapSize                              = 8388608                                   {product} {ergonomic}
    uintx NonNMethodCodeHeapSize                   = 5839372                                {pd product} {ergonomic}
    uintx NonProfiledCodeHeapSize                  = 122909434                              {pd product} {ergonomic}
    uintx ProfiledCodeHeapSize                     = 122909434                              {pd product} {ergonomic}
    uintx ReservedCodeCacheSize                    = 251658240                              {pd product} {ergonomic}
     bool SegmentedCodeCache                       = true                                      {product} {ergonomic}
     bool ShowCodeDetailsInExceptionMessages       = true                                   {manageable} {command line}
   size_t SoftMaxHeapSize                          = 4225761280                             {manageable} {ergonomic}
     bool UseCompressedClassPointers               = true                           {product lp64_product} {ergonomic}
     bool UseCompressedOops                        = true                           {product lp64_product} {ergonomic}
     bool UseG1GC                                  = true                                      {product} {ergonomic}
     bool UseLargePagesIndividualAllocation        = false                                  {pd product} {ergonomic}

Logging:
Log output configuration:
 #0: stdout all=warning uptime,level,tags
 #1: stderr all=off uptime,level,tags

Environment Variables:
PATH=E:/Eclipse New/eclipse//plugins/org.eclipse.justj.openjdk.hotspot.jre.full.win32.x86_64_17.0.9.v20231028-0858/jre/bin/server;E:/Eclipse New/eclipse//plugins/org.eclipse.justj.openjdk.hotspot.jre.full.win32.x86_64_17.0.9.v20231028-0858/jre/bin;C:\Program Files (x86)\Common Files\Oracle\Java\javapath;C:\msys64\usr\bin;C:\Windows\system32;C:\Windows;C:\Windows\System32\Wbem;C:\Windows\System32\WindowsPowerShell\v1.0\;C:\Windows\System32\OpenSSH\;C:\Program Files\Git\cmd;C:\Program Files\PuTTY\;C:\Users\kart2921\AppData\Local\Microsoft\WindowsApps;;C:\Users\kart2921\AppData\Local\Programs\Microsoft VS Code\bin;E:\Eclipse New\eclipse;
USERNAME=kart2921
OS=Windows_NT
PROCESSOR_IDENTIFIER=Intel64 Family 6 Model 140 Stepping 1, GenuineIntel
TMP=C:\Users\kart2921\AppData\Local\Temp
TEMP=C:\Users\kart2921\AppData\Local\Temp



Periodic native trim disabled


---------------  S Y S T E M  ---------------

OS:
 Windows 11 , 64 bit Build 22621 (10.0.22621.3958)
OS uptime: 5 days 22:58 hours
Hyper-V role detected

CPU: total 8 (initial active 8) (4 cores per cpu, 2 threads per core) family 6 model 140 stepping 1 microcode 0xb6, cx8, cmov, fxsr, ht, mmx, 3dnowpref, sse, sse2, sse3, ssse3, sse4.1, sse4.2, popcnt, lzcnt, tsc, tscinvbit, avx, avx2, aes, erms, clmul, bmi1, bmi2, adx, avx512f, avx512dq, avx512cd, avx512bw, avx512vl, sha, fma, vzeroupper, avx512_vpopcntdq, avx512_vpclmulqdq, avx512_vaes, avx512_vnni, clflush, clflushopt, clwb, avx512_vbmi2, avx512_vbmi, hv
Processor Information for all 8 processors :
  Max Mhz: 2419, Current Mhz: 2419, Mhz Limit: 2419

Memory: 4k page, system-wide physical 16112M (1012M free)
TotalPageFile size 35204M (AvailPageFile size 5M)
current process WorkingSet (physical memory assigned to process): 12M, peak: 12M
current process commit charge ("private bytes"): 313M, peak: 317M

vm_info: OpenJDK 64-Bit Server VM (17.0.9+9) for windows-amd64 JRE (17.0.9+9), built on Oct 26 2023 14:01:42 by "admin" with MS VC++ 16.10 / 16.11 (VS2019)

END.
