2024-10-13 11:52:45,069 [Worker-4: Loading available Gradle versions] INFO  o.e.b.c.i.u.g.PublishedGradleVersions - Gradle version information cache is up-to-date. Trying to read.
2024-10-13 11:53:30,515 [Worker-6: Loading available Gradle versions] INFO  o.e.b.c.i.u.g.PublishedGradleVersions - Gradle version information cache is up-to-date. Trying to read.
2024-10-13 11:55:37,433 [Worker-1: Importing Maven projects] INFO  o.e.m.c.i.l.LifecycleMappingFactory - Using org.eclipse.m2e.jdt.JarLifecycleMapping lifecycle mapping for MavenProject: com..spring.jpa:com..spring.jpa:0.0.1-SNAPSHOT @ E:\LEARNINGS\com..spring.jpa\pom.xml.
2024-10-13 11:55:37,644 [Worker-1: Importing Maven projects] INFO  o.e.m.c.i.l.LifecycleMappingFactory - Using org.eclipse.m2e.jdt.JarLifecycleMapping lifecycle mapping for MavenProject: com.telusko:Hiberate_1:0.0.1-SNAPSHOT @ E:\LEARNINGS\Hiberate_1\pom.xml.
2024-10-13 11:55:37,981 [Worker-1: Importing Maven projects] INFO  o.e.m.c.i.l.LifecycleMappingFactory - Using org.eclipse.m2e.jdt.JarLifecycleMapping lifecycle mapping for MavenProject: com.javaGuides:HIBERNATE_CODE-DECODE:0.0.1-SNAPSHOT @ E:\LEARNINGS\HIBERNATE_CODE-DECODE\pom.xml.
2024-10-13 11:55:38,833 [Worker-1: Importing Maven projects] INFO  o.e.m.c.i.l.LifecycleMappingFactory - Using org.eclipse.m2e.jdt.JarLifecycleMapping lifecycle mapping for MavenProject: com.javaGuides:request_check:0.0.1-SNAPSHOT @ E:\LEARNINGS\request_check\pom.xml.
2024-10-13 11:55:39,046 [Worker-1: Importing Maven projects] INFO  o.e.m.c.i.l.LifecycleMappingFactory - Using org.eclipse.m2e.jdt.JarLifecycleMapping lifecycle mapping for MavenProject: com.telusko:SpringBoot-Actuator:0.0.1-SNAPSHOT @ E:\LEARNINGS\SpringBoot-Actuator\pom.xml.
2024-10-13 11:55:39,455 [Worker-1: Importing Maven projects] INFO  o.e.m.c.i.l.LifecycleMappingFactory - Using org.eclipse.m2e.jdt.JarLifecycleMapping lifecycle mapping for MavenProject: com.telusko:SpringBoot-Annotations:0.0.1-SNAPSHOT @ E:\LEARNINGS\SpringBoot-Annotations\pom.xml.
2024-10-13 11:55:39,645 [Worker-1: Importing Maven projects] INFO  o.e.m.c.i.l.LifecycleMappingFactory - Using org.eclipse.m2e.jdt.JarLifecycleMapping lifecycle mapping for MavenProject: com.coderUlagam:SpringBoot-ConfigServer-Demo:0.0.1-SNAPSHOT @ E:\LEARNINGS\SpringBoot-ConfigServer-Demo\pom.xml.
2024-10-13 11:55:40,361 [Worker-1: Importing Maven projects] INFO  o.e.m.c.i.l.LifecycleMappingFactory - Using org.eclipse.m2e.jdt.JarLifecycleMapping lifecycle mapping for MavenProject: com.javaGuides:SpringBoot-Data-Jpa:0.0.1-SNAPSHOT @ E:\LEARNINGS\SpringBoot-Data-Jpa\pom.xml.
2024-10-13 11:55:40,680 [Worker-1: Importing Maven projects] INFO  o.e.m.c.i.l.LifecycleMappingFactory - Using org.eclipse.m2e.jdt.JarLifecycleMapping lifecycle mapping for MavenProject: com.coderUlagam:SpringBoot-employees:0.0.1-SNAPSHOT @ E:\LEARNINGS\SpringBoot-employees\pom.xml.
2024-10-13 11:55:40,902 [Worker-1: Importing Maven projects] INFO  o.e.m.c.i.l.LifecycleMappingFactory - Using org.eclipse.m2e.jdt.JarLifecycleMapping lifecycle mapping for MavenProject: com.coderUlagam:SpringBoot-Home-Microservice:0.0.1-SNAPSHOT @ E:\LEARNINGS\SpringBoot-Home-Microservice\pom.xml.
2024-10-13 11:55:41,485 [Worker-1: Importing Maven projects] INFO  o.e.m.c.i.l.LifecycleMappingFactory - Using org.eclipse.m2e.jdt.JarLifecycleMapping lifecycle mapping for MavenProject: com.javaGuides:SpringBoot-JPA-Demo:0.0.1-SNAPSHOT @ E:\LEARNINGS\SpringBoot-JPA-Demo\pom.xml.
2024-10-13 11:55:41,724 [Worker-1: Importing Maven projects] INFO  o.e.m.c.i.l.LifecycleMappingFactory - Using org.eclipse.m2e.jdt.JarLifecycleMapping lifecycle mapping for MavenProject: com.coderUlagam:SpringBoot-name:0.0.1-SNAPSHOT @ E:\LEARNINGS\SpringBoot-name\pom.xml.
2024-10-13 11:55:41,849 [Worker-1: Importing Maven projects] INFO  o.e.m.c.i.l.LifecycleMappingFactory - Using org.eclipse.m2e.jdt.JarLifecycleMapping lifecycle mapping for MavenProject: com.coderUlagam:SpringBoot-Product-Microservice:0.0.1-SNAPSHOT @ E:\LEARNINGS\SpringBoot-Product-Microservice\pom.xml.
2024-10-13 11:55:42,034 [Worker-1: Importing Maven projects] INFO  o.e.m.c.i.l.LifecycleMappingFactory - Using org.eclipse.m2e.jdt.JarLifecycleMapping lifecycle mapping for MavenProject: com.javaGuides:SpringBoot-profile:0.0.1-SNAPSHOT @ E:\LEARNINGS\SpringBoot-profile\pom.xml.
2024-10-13 11:55:42,190 [Worker-1: Importing Maven projects] INFO  o.e.m.c.i.l.LifecycleMappingFactory - Using org.eclipse.m2e.jdt.JarLifecycleMapping lifecycle mapping for MavenProject: com.coderUlagam:SpringBoot-salary:0.0.1-SNAPSHOT @ E:\LEARNINGS\SpringBoot-salary\pom.xml.
2024-10-13 11:55:42,345 [Worker-1: Importing Maven projects] INFO  o.e.m.c.i.l.LifecycleMappingFactory - Using org.eclipse.m2e.jdt.JarLifecycleMapping lifecycle mapping for MavenProject: com.javaGuides:SpringBoot-Security:0.0.1-SNAPSHOT @ E:\LEARNINGS\SpringBoot-Security\pom.xml.
2024-10-13 11:55:42,508 [Worker-1: Importing Maven projects] INFO  o.e.m.c.i.l.LifecycleMappingFactory - Using org.eclipse.m2e.jdt.JarLifecycleMapping lifecycle mapping for MavenProject: com.javaGuides:SpringBoot-Security-JWT:0.0.1-SNAPSHOT @ E:\LEARNINGS\SpringBoot-Security-JWT\pom.xml.
2024-10-13 11:55:42,632 [Worker-1: Importing Maven projects] INFO  o.e.m.c.i.l.LifecycleMappingFactory - Using org.eclipse.m2e.jdt.JarLifecycleMapping lifecycle mapping for MavenProject: com.javaGuides:SpringBoot-Security-OAuth2:0.0.1-SNAPSHOT @ E:\LEARNINGS\SpringBoot-Security-OAuth2\pom.xml.
2024-10-13 11:55:42,788 [Worker-1: Importing Maven projects] INFO  o.e.m.c.i.l.LifecycleMappingFactory - Using org.eclipse.m2e.jdt.JarLifecycleMapping lifecycle mapping for MavenProject: com.coderUlagam:SpringBoot-ServiceDiscovery:0.0.1-SNAPSHOT @ E:\LEARNINGS\SpringBoot-ServiceDiscovery\pom.xml.
2024-10-13 11:55:43,239 [Worker-1: Importing Maven projects] INFO  o.e.m.c.i.l.LifecycleMappingFactory - Using org.eclipse.m2e.jdt.JarLifecycleMapping lifecycle mapping for MavenProject: com.javatechie.websocket:SpringBoot-websocket:0.0.1-SNAPSHOT @ E:\LEARNINGS\SpringBoot-websocket\pom.xml.
2024-10-13 11:55:43,596 [Worker-1: Importing Maven projects] INFO  o.e.m.c.i.l.LifecycleMappingFactory - Using org.eclipse.m2e.jdt.JarLifecycleMapping lifecycle mapping for MavenProject: com.coderUlagam:SpringBoot-zuul:0.0.1-SNAPSHOT @ E:\LEARNINGS\SpringBoot-zuul\pom.xml.
2024-10-13 11:55:44,192 [Worker-1: Importing Maven projects] INFO  o.e.m.c.i.l.LifecycleMappingFactory - Using org.eclipse.m2e.jdt.JarLifecycleMapping lifecycle mapping for MavenProject: com.telusko:Telusko_WebApp_2:0.0.1-SNAPSHOT @ E:\LEARNINGS\Telusko_WebApp_2\pom.xml.
2024-10-13 11:55:44,693 [Worker-1: Importing Maven projects] INFO  o.e.m.c.i.l.LifecycleMappingFactory - Using org.eclipse.m2e.jdt.JarLifecycleMapping lifecycle mapping for MavenProject: com.telusko:Telusko_WebApp_DB:0.0.1-SNAPSHOT @ E:\LEARNINGS\Telusko_WebApp_DB\pom.xml.
2024-10-13 11:55:44,914 [Worker-1: Importing Maven projects] INFO  o.e.m.c.i.l.LifecycleMappingFactory - Using org.eclipse.m2e.jdt.JarLifecycleMapping lifecycle mapping for MavenProject: com.telusko:Telusko_WebApp_DB_Rest:0.0.1-SNAPSHOT @ E:\LEARNINGS\Telusko_WebApp_DB_Rest\pom.xml.
2024-10-13 11:55:54,668 [Worker-1: Importing Maven projects] INFO  o.e.m.j.i.AbstractJavaProjectConfigurator - Adding source folder /SpringBoot-websocket/src/main/java
2024-10-13 11:55:54,668 [Worker-1: Importing Maven projects] INFO  o.e.m.j.i.AbstractJavaProjectConfigurator - Adding resource folder /SpringBoot-websocket/src/main/resources
2024-10-13 11:55:54,669 [Worker-1: Importing Maven projects] INFO  o.e.m.j.i.AbstractJavaProjectConfigurator - Adding resource folder /SpringBoot-websocket/src/main/resources
2024-10-13 11:55:54,671 [Worker-1: Importing Maven projects] INFO  o.e.m.j.i.AbstractJavaProjectConfigurator - Adding source folder /SpringBoot-websocket/src/test/java
2024-10-13 11:55:54,672 [Worker-1: Importing Maven projects] INFO  o.e.m.j.i.AbstractJavaProjectConfigurator - Adding resource folder /SpringBoot-websocket/src/test/resources
2024-10-13 11:55:55,367 [Worker-1: Importing Maven projects] INFO  o.e.m.j.i.AbstractJavaProjectConfigurator - Adding source folder /Telusko_WebApp_DB/src/main/java
2024-10-13 11:55:55,368 [Worker-1: Importing Maven projects] INFO  o.e.m.j.i.AbstractJavaProjectConfigurator - Adding resource folder /Telusko_WebApp_DB/src/main/resources
2024-10-13 11:55:55,368 [Worker-1: Importing Maven projects] INFO  o.e.m.j.i.AbstractJavaProjectConfigurator - Adding resource folder /Telusko_WebApp_DB/src/main/resources
2024-10-13 11:55:55,369 [Worker-1: Importing Maven projects] INFO  o.e.m.j.i.AbstractJavaProjectConfigurator - Adding source folder /Telusko_WebApp_DB/src/test/java
2024-10-13 11:55:55,369 [Worker-1: Importing Maven projects] INFO  o.e.m.j.i.AbstractJavaProjectConfigurator - Adding resource folder /Telusko_WebApp_DB/src/test/resources
2024-10-13 11:55:56,037 [Worker-1: Importing Maven projects] INFO  o.e.m.j.i.AbstractJavaProjectConfigurator - Adding source folder /SpringBoot-profile/src/main/java
2024-10-13 11:55:56,038 [Worker-1: Importing Maven projects] INFO  o.e.m.j.i.AbstractJavaProjectConfigurator - Adding resource folder /SpringBoot-profile/src/main/resources
2024-10-13 11:55:56,038 [Worker-1: Importing Maven projects] INFO  o.e.m.j.i.AbstractJavaProjectConfigurator - Adding resource folder /SpringBoot-profile/src/main/resources
2024-10-13 11:55:56,039 [Worker-1: Importing Maven projects] INFO  o.e.m.j.i.AbstractJavaProjectConfigurator - Adding source folder /SpringBoot-profile/src/test/java
2024-10-13 11:55:56,039 [Worker-1: Importing Maven projects] INFO  o.e.m.j.i.AbstractJavaProjectConfigurator - Adding resource folder /SpringBoot-profile/src/test/resources
2024-10-13 11:55:56,457 [Worker-1: Importing Maven projects] INFO  o.e.m.j.i.AbstractJavaProjectConfigurator - Adding source folder /SpringBoot-ServiceDiscovery/src/main/java
2024-10-13 11:55:56,457 [Worker-1: Importing Maven projects] INFO  o.e.m.j.i.AbstractJavaProjectConfigurator - Adding resource folder /SpringBoot-ServiceDiscovery/src/main/resources
2024-10-13 11:55:56,457 [Worker-1: Importing Maven projects] INFO  o.e.m.j.i.AbstractJavaProjectConfigurator - Adding resource folder /SpringBoot-ServiceDiscovery/src/main/resources
2024-10-13 11:55:56,459 [Worker-1: Importing Maven projects] INFO  o.e.m.j.i.AbstractJavaProjectConfigurator - Adding source folder /SpringBoot-ServiceDiscovery/src/test/java
2024-10-13 11:55:56,459 [Worker-1: Importing Maven projects] INFO  o.e.m.j.i.AbstractJavaProjectConfigurator - Adding resource folder /SpringBoot-ServiceDiscovery/src/test/resources
2024-10-13 11:55:57,373 [Worker-1: Importing Maven projects] INFO  o.e.m.j.i.AbstractJavaProjectConfigurator - Adding source folder /Telusko_WebApp_DB_Rest/src/main/java
2024-10-13 11:55:57,373 [Worker-1: Importing Maven projects] INFO  o.e.m.j.i.AbstractJavaProjectConfigurator - Adding resource folder /Telusko_WebApp_DB_Rest/src/main/resources
2024-10-13 11:55:57,373 [Worker-1: Importing Maven projects] INFO  o.e.m.j.i.AbstractJavaProjectConfigurator - Adding resource folder /Telusko_WebApp_DB_Rest/src/main/resources
2024-10-13 11:55:57,374 [Worker-1: Importing Maven projects] INFO  o.e.m.j.i.AbstractJavaProjectConfigurator - Adding source folder /Telusko_WebApp_DB_Rest/src/test/java
2024-10-13 11:55:57,374 [Worker-1: Importing Maven projects] INFO  o.e.m.j.i.AbstractJavaProjectConfigurator - Adding resource folder /Telusko_WebApp_DB_Rest/src/test/resources
2024-10-13 11:55:57,970 [Worker-1: Importing Maven projects] INFO  o.e.m.j.i.AbstractJavaProjectConfigurator - Adding source folder /com..spring.jpa/src/main/java
2024-10-13 11:55:57,971 [Worker-1: Importing Maven projects] INFO  o.e.m.j.i.AbstractJavaProjectConfigurator - Adding resource folder /com..spring.jpa/src/main/resources
2024-10-13 11:55:57,971 [Worker-1: Importing Maven projects] INFO  o.e.m.j.i.AbstractJavaProjectConfigurator - Adding source folder /com..spring.jpa/src/test/java
2024-10-13 11:55:57,972 [Worker-1: Importing Maven projects] INFO  o.e.m.j.i.AbstractJavaProjectConfigurator - Adding resource folder /com..spring.jpa/src/test/resources
2024-10-13 11:55:58,175 [Worker-1: Importing Maven projects] INFO  o.e.m.j.i.AbstractJavaProjectConfigurator - Adding source folder /SpringBoot-salary/src/main/java
2024-10-13 11:55:58,176 [Worker-1: Importing Maven projects] INFO  o.e.m.j.i.AbstractJavaProjectConfigurator - Adding resource folder /SpringBoot-salary/src/main/resources
2024-10-13 11:55:58,176 [Worker-1: Importing Maven projects] INFO  o.e.m.j.i.AbstractJavaProjectConfigurator - Adding resource folder /SpringBoot-salary/src/main/resources
2024-10-13 11:55:58,177 [Worker-1: Importing Maven projects] INFO  o.e.m.j.i.AbstractJavaProjectConfigurator - Adding source folder /SpringBoot-salary/src/test/java
2024-10-13 11:55:58,177 [Worker-1: Importing Maven projects] INFO  o.e.m.j.i.AbstractJavaProjectConfigurator - Adding resource folder /SpringBoot-salary/src/test/resources
2024-10-13 11:55:58,589 [Worker-1: Importing Maven projects] INFO  o.e.m.j.i.AbstractJavaProjectConfigurator - Adding source folder /Telusko_WebApp_2/src/main/java
2024-10-13 11:55:58,589 [Worker-1: Importing Maven projects] INFO  o.e.m.j.i.AbstractJavaProjectConfigurator - Adding resource folder /Telusko_WebApp_2/src/main/resources
2024-10-13 11:55:58,589 [Worker-1: Importing Maven projects] INFO  o.e.m.j.i.AbstractJavaProjectConfigurator - Adding resource folder /Telusko_WebApp_2/src/main/resources
2024-10-13 11:55:58,590 [Worker-1: Importing Maven projects] INFO  o.e.m.j.i.AbstractJavaProjectConfigurator - Adding source folder /Telusko_WebApp_2/src/test/java
2024-10-13 11:55:58,590 [Worker-1: Importing Maven projects] INFO  o.e.m.j.i.AbstractJavaProjectConfigurator - Adding resource folder /Telusko_WebApp_2/src/test/resources
2024-10-13 11:55:59,174 [Worker-1: Importing Maven projects] INFO  o.e.m.j.i.AbstractJavaProjectConfigurator - Adding source folder /SpringBoot-ConfigServer-Demo/src/main/java
2024-10-13 11:55:59,175 [Worker-1: Importing Maven projects] INFO  o.e.m.j.i.AbstractJavaProjectConfigurator - Adding resource folder /SpringBoot-ConfigServer-Demo/src/main/resources
2024-10-13 11:55:59,175 [Worker-1: Importing Maven projects] INFO  o.e.m.j.i.AbstractJavaProjectConfigurator - Adding resource folder /SpringBoot-ConfigServer-Demo/src/main/resources
2024-10-13 11:55:59,175 [Worker-1: Importing Maven projects] INFO  o.e.m.j.i.AbstractJavaProjectConfigurator - Adding source folder /SpringBoot-ConfigServer-Demo/src/test/java
2024-10-13 11:55:59,176 [Worker-1: Importing Maven projects] INFO  o.e.m.j.i.AbstractJavaProjectConfigurator - Adding resource folder /SpringBoot-ConfigServer-Demo/src/test/resources
2024-10-13 11:55:59,537 [Worker-1: Importing Maven projects] INFO  o.e.m.j.i.AbstractJavaProjectConfigurator - Adding source folder /SpringBoot-name/src/main/java
2024-10-13 11:55:59,537 [Worker-1: Importing Maven projects] INFO  o.e.m.j.i.AbstractJavaProjectConfigurator - Adding resource folder /SpringBoot-name/src/main/resources
2024-10-13 11:55:59,537 [Worker-1: Importing Maven projects] INFO  o.e.m.j.i.AbstractJavaProjectConfigurator - Adding resource folder /SpringBoot-name/src/main/resources
2024-10-13 11:55:59,538 [Worker-1: Importing Maven projects] INFO  o.e.m.j.i.AbstractJavaProjectConfigurator - Adding source folder /SpringBoot-name/src/test/java
2024-10-13 11:55:59,538 [Worker-1: Importing Maven projects] INFO  o.e.m.j.i.AbstractJavaProjectConfigurator - Adding resource folder /SpringBoot-name/src/test/resources
2024-10-13 11:55:59,816 [Worker-1: Importing Maven projects] INFO  o.e.m.j.i.AbstractJavaProjectConfigurator - Adding source folder /HIBERNATE_CODE-DECODE/src/main/java
2024-10-13 11:55:59,816 [Worker-1: Importing Maven projects] INFO  o.e.m.j.i.AbstractJavaProjectConfigurator - Adding resource folder /HIBERNATE_CODE-DECODE/src/main/resources
2024-10-13 11:55:59,817 [Worker-1: Importing Maven projects] INFO  o.e.m.j.i.AbstractJavaProjectConfigurator - Adding resource folder /HIBERNATE_CODE-DECODE/src/main/resources
2024-10-13 11:55:59,817 [Worker-1: Importing Maven projects] INFO  o.e.m.j.i.AbstractJavaProjectConfigurator - Adding source folder /HIBERNATE_CODE-DECODE/src/test/java
2024-10-13 11:55:59,817 [Worker-1: Importing Maven projects] INFO  o.e.m.j.i.AbstractJavaProjectConfigurator - Adding resource folder /HIBERNATE_CODE-DECODE/src/test/resources
2024-10-13 11:56:00,296 [Worker-1: Importing Maven projects] INFO  o.e.m.j.i.AbstractJavaProjectConfigurator - Adding source folder /Hiberate_1/src/main/java
2024-10-13 11:56:00,296 [Worker-1: Importing Maven projects] INFO  o.e.m.j.i.AbstractJavaProjectConfigurator - Adding resource folder /Hiberate_1/src/main/resources
2024-10-13 11:56:00,297 [Worker-1: Importing Maven projects] INFO  o.e.m.j.i.AbstractJavaProjectConfigurator - Adding source folder /Hiberate_1/src/test/java
2024-10-13 11:56:00,297 [Worker-1: Importing Maven projects] INFO  o.e.m.j.i.AbstractJavaProjectConfigurator - Adding resource folder /Hiberate_1/src/test/resources
2024-10-13 11:56:00,457 [Worker-1: Importing Maven projects] INFO  o.e.m.j.i.AbstractJavaProjectConfigurator - Adding source folder /request_check/src/main/java
2024-10-13 11:56:00,458 [Worker-1: Importing Maven projects] INFO  o.e.m.j.i.AbstractJavaProjectConfigurator - Adding resource folder /request_check/src/main/resources
2024-10-13 11:56:00,458 [Worker-1: Importing Maven projects] INFO  o.e.m.j.i.AbstractJavaProjectConfigurator - Adding resource folder /request_check/src/main/resources
2024-10-13 11:56:00,458 [Worker-1: Importing Maven projects] INFO  o.e.m.j.i.AbstractJavaProjectConfigurator - Adding source folder /request_check/src/test/java
2024-10-13 11:56:00,458 [Worker-1: Importing Maven projects] INFO  o.e.m.j.i.AbstractJavaProjectConfigurator - Adding resource folder /request_check/src/test/resources
2024-10-13 11:56:00,883 [Worker-1: Importing Maven projects] INFO  o.e.m.j.i.AbstractJavaProjectConfigurator - Adding source folder /SpringBoot-JPA-Demo/src/main/java
2024-10-13 11:56:00,883 [Worker-1: Importing Maven projects] INFO  o.e.m.j.i.AbstractJavaProjectConfigurator - Adding resource folder /SpringBoot-JPA-Demo/src/main/resources
2024-10-13 11:56:00,883 [Worker-1: Importing Maven projects] INFO  o.e.m.j.i.AbstractJavaProjectConfigurator - Adding resource folder /SpringBoot-JPA-Demo/src/main/resources
2024-10-13 11:56:00,884 [Worker-1: Importing Maven projects] INFO  o.e.m.j.i.AbstractJavaProjectConfigurator - Adding source folder /SpringBoot-JPA-Demo/src/test/java
2024-10-13 11:56:00,884 [Worker-1: Importing Maven projects] INFO  o.e.m.j.i.AbstractJavaProjectConfigurator - Adding resource folder /SpringBoot-JPA-Demo/src/test/resources
2024-10-13 11:56:01,514 [Worker-1: Importing Maven projects] INFO  o.e.m.j.i.AbstractJavaProjectConfigurator - Adding source folder /SpringBoot-Actuator/src/main/java
2024-10-13 11:56:01,514 [Worker-1: Importing Maven projects] INFO  o.e.m.j.i.AbstractJavaProjectConfigurator - Adding resource folder /SpringBoot-Actuator/src/main/resources
2024-10-13 11:56:01,514 [Worker-1: Importing Maven projects] INFO  o.e.m.j.i.AbstractJavaProjectConfigurator - Adding resource folder /SpringBoot-Actuator/src/main/resources
2024-10-13 11:56:01,515 [Worker-1: Importing Maven projects] INFO  o.e.m.j.i.AbstractJavaProjectConfigurator - Adding source folder /SpringBoot-Actuator/src/test/java
2024-10-13 11:56:01,516 [Worker-1: Importing Maven projects] INFO  o.e.m.j.i.AbstractJavaProjectConfigurator - Adding resource folder /SpringBoot-Actuator/src/test/resources
2024-10-13 11:56:02,042 [Worker-1: Importing Maven projects] INFO  o.e.m.j.i.AbstractJavaProjectConfigurator - Adding source folder /SpringBoot-Data-Jpa/src/main/java
2024-10-13 11:56:02,043 [Worker-1: Importing Maven projects] INFO  o.e.m.j.i.AbstractJavaProjectConfigurator - Adding resource folder /SpringBoot-Data-Jpa/src/main/resources
2024-10-13 11:56:02,043 [Worker-1: Importing Maven projects] INFO  o.e.m.j.i.AbstractJavaProjectConfigurator - Adding resource folder /SpringBoot-Data-Jpa/src/main/resources
2024-10-13 11:56:02,044 [Worker-1: Importing Maven projects] INFO  o.e.m.j.i.AbstractJavaProjectConfigurator - Adding source folder /SpringBoot-Data-Jpa/src/test/java
2024-10-13 11:56:02,044 [Worker-1: Importing Maven projects] INFO  o.e.m.j.i.AbstractJavaProjectConfigurator - Adding resource folder /SpringBoot-Data-Jpa/src/test/resources
2024-10-13 11:56:02,903 [Worker-1: Importing Maven projects] INFO  o.e.m.j.i.AbstractJavaProjectConfigurator - Adding source folder /SpringBoot-Security/src/main/java
2024-10-13 11:56:02,903 [Worker-1: Importing Maven projects] INFO  o.e.m.j.i.AbstractJavaProjectConfigurator - Adding resource folder /SpringBoot-Security/src/main/resources
2024-10-13 11:56:02,903 [Worker-1: Importing Maven projects] INFO  o.e.m.j.i.AbstractJavaProjectConfigurator - Adding resource folder /SpringBoot-Security/src/main/resources
2024-10-13 11:56:02,904 [Worker-1: Importing Maven projects] INFO  o.e.m.j.i.AbstractJavaProjectConfigurator - Adding source folder /SpringBoot-Security/src/test/java
2024-10-13 11:56:02,904 [Worker-1: Importing Maven projects] INFO  o.e.m.j.i.AbstractJavaProjectConfigurator - Adding resource folder /SpringBoot-Security/src/test/resources
2024-10-13 11:56:03,418 [Worker-1: Importing Maven projects] INFO  o.e.m.j.i.AbstractJavaProjectConfigurator - Adding source folder /SpringBoot-Security-JWT/src/main/java
2024-10-13 11:56:03,418 [Worker-1: Importing Maven projects] INFO  o.e.m.j.i.AbstractJavaProjectConfigurator - Adding resource folder /SpringBoot-Security-JWT/src/main/resources
2024-10-13 11:56:03,419 [Worker-1: Importing Maven projects] INFO  o.e.m.j.i.AbstractJavaProjectConfigurator - Adding resource folder /SpringBoot-Security-JWT/src/main/resources
2024-10-13 11:56:03,419 [Worker-1: Importing Maven projects] INFO  o.e.m.j.i.AbstractJavaProjectConfigurator - Adding source folder /SpringBoot-Security-JWT/src/test/java
2024-10-13 11:56:03,420 [Worker-1: Importing Maven projects] INFO  o.e.m.j.i.AbstractJavaProjectConfigurator - Adding resource folder /SpringBoot-Security-JWT/src/test/resources
2024-10-13 11:56:03,861 [Worker-1: Importing Maven projects] INFO  o.e.m.j.i.AbstractJavaProjectConfigurator - Adding source folder /SpringBoot-Security-OAuth2/src/main/java
2024-10-13 11:56:03,861 [Worker-1: Importing Maven projects] INFO  o.e.m.j.i.AbstractJavaProjectConfigurator - Adding resource folder /SpringBoot-Security-OAuth2/src/main/resources
2024-10-13 11:56:03,861 [Worker-1: Importing Maven projects] INFO  o.e.m.j.i.AbstractJavaProjectConfigurator - Adding resource folder /SpringBoot-Security-OAuth2/src/main/resources
2024-10-13 11:56:03,862 [Worker-1: Importing Maven projects] INFO  o.e.m.j.i.AbstractJavaProjectConfigurator - Adding source folder /SpringBoot-Security-OAuth2/src/test/java
2024-10-13 11:56:03,862 [Worker-1: Importing Maven projects] INFO  o.e.m.j.i.AbstractJavaProjectConfigurator - Adding resource folder /SpringBoot-Security-OAuth2/src/test/resources
2024-10-13 11:56:04,338 [Worker-1: Importing Maven projects] INFO  o.e.m.j.i.AbstractJavaProjectConfigurator - Adding source folder /SpringBoot-Home-Microservice/src/main/java
2024-10-13 11:56:04,338 [Worker-1: Importing Maven projects] INFO  o.e.m.j.i.AbstractJavaProjectConfigurator - Adding resource folder /SpringBoot-Home-Microservice/src/main/resources
2024-10-13 11:56:04,339 [Worker-1: Importing Maven projects] INFO  o.e.m.j.i.AbstractJavaProjectConfigurator - Adding resource folder /SpringBoot-Home-Microservice/src/main/resources
2024-10-13 11:56:04,340 [Worker-1: Importing Maven projects] INFO  o.e.m.j.i.AbstractJavaProjectConfigurator - Adding source folder /SpringBoot-Home-Microservice/src/test/java
2024-10-13 11:56:04,340 [Worker-1: Importing Maven projects] INFO  o.e.m.j.i.AbstractJavaProjectConfigurator - Adding resource folder /SpringBoot-Home-Microservice/src/test/resources
2024-10-13 11:56:05,039 [Worker-1: Importing Maven projects] INFO  o.e.m.j.i.AbstractJavaProjectConfigurator - Adding source folder /SpringBoot-employees/src/main/java
2024-10-13 11:56:05,040 [Worker-1: Importing Maven projects] INFO  o.e.m.j.i.AbstractJavaProjectConfigurator - Adding resource folder /SpringBoot-employees/src/main/resources
2024-10-13 11:56:05,040 [Worker-1: Importing Maven projects] INFO  o.e.m.j.i.AbstractJavaProjectConfigurator - Adding resource folder /SpringBoot-employees/src/main/resources
2024-10-13 11:56:05,041 [Worker-1: Importing Maven projects] INFO  o.e.m.j.i.AbstractJavaProjectConfigurator - Adding source folder /SpringBoot-employees/src/test/java
2024-10-13 11:56:05,041 [Worker-1: Importing Maven projects] INFO  o.e.m.j.i.AbstractJavaProjectConfigurator - Adding resource folder /SpringBoot-employees/src/test/resources
2024-10-13 11:56:05,527 [Worker-1: Importing Maven projects] INFO  o.e.m.j.i.AbstractJavaProjectConfigurator - Adding source folder /SpringBoot-Product-Microservice/src/main/java
2024-10-13 11:56:05,527 [Worker-1: Importing Maven projects] INFO  o.e.m.j.i.AbstractJavaProjectConfigurator - Adding resource folder /SpringBoot-Product-Microservice/src/main/resources
2024-10-13 11:56:05,527 [Worker-1: Importing Maven projects] INFO  o.e.m.j.i.AbstractJavaProjectConfigurator - Adding resource folder /SpringBoot-Product-Microservice/src/main/resources
2024-10-13 11:56:05,528 [Worker-1: Importing Maven projects] INFO  o.e.m.j.i.AbstractJavaProjectConfigurator - Adding source folder /SpringBoot-Product-Microservice/src/test/java
2024-10-13 11:56:05,528 [Worker-1: Importing Maven projects] INFO  o.e.m.j.i.AbstractJavaProjectConfigurator - Adding resource folder /SpringBoot-Product-Microservice/src/test/resources
2024-10-13 11:56:06,007 [Worker-1: Importing Maven projects] INFO  o.e.m.j.i.AbstractJavaProjectConfigurator - Adding source folder /SpringBoot-zuul/src/main/java
2024-10-13 11:56:06,008 [Worker-1: Importing Maven projects] INFO  o.e.m.j.i.AbstractJavaProjectConfigurator - Adding resource folder /SpringBoot-zuul/src/main/resources
2024-10-13 11:56:06,008 [Worker-1: Importing Maven projects] INFO  o.e.m.j.i.AbstractJavaProjectConfigurator - Adding resource folder /SpringBoot-zuul/src/main/resources
2024-10-13 11:56:06,008 [Worker-1: Importing Maven projects] INFO  o.e.m.j.i.AbstractJavaProjectConfigurator - Adding source folder /SpringBoot-zuul/src/test/java
2024-10-13 11:56:06,008 [Worker-1: Importing Maven projects] INFO  o.e.m.j.i.AbstractJavaProjectConfigurator - Adding resource folder /SpringBoot-zuul/src/test/resources
2024-10-13 11:56:06,712 [Worker-1: Importing Maven projects] INFO  o.e.m.j.i.AbstractJavaProjectConfigurator - Adding source folder /SpringBoot-Annotations/src/main/java
2024-10-13 11:56:06,713 [Worker-1: Importing Maven projects] INFO  o.e.m.j.i.AbstractJavaProjectConfigurator - Adding resource folder /SpringBoot-Annotations/src/main/resources
2024-10-13 11:56:06,713 [Worker-1: Importing Maven projects] INFO  o.e.m.j.i.AbstractJavaProjectConfigurator - Adding resource folder /SpringBoot-Annotations/src/main/resources
2024-10-13 11:56:06,713 [Worker-1: Importing Maven projects] INFO  o.e.m.j.i.AbstractJavaProjectConfigurator - Adding source folder /SpringBoot-Annotations/src/test/java
2024-10-13 11:56:06,714 [Worker-1: Importing Maven projects] INFO  o.e.m.j.i.AbstractJavaProjectConfigurator - Adding resource folder /SpringBoot-Annotations/src/test/resources
2024-10-13 11:56:06,955 [Worker-1: Importing Maven projects] INFO  o.e.m.c.i.p.ProjectConfigurationManager - Imported and configured 24 project(s) in 42 sec
2024-10-13 11:56:07,406 [Worker-23: Updating Maven Project] INFO  o.e.m.c.i.p.ProjectConfigurationManager - Update started
2024-10-13 11:56:15,980 [Worker-23: Updating Maven Project] INFO  o.e.m.c.i.l.LifecycleMappingFactory - Using org.eclipse.m2e.jdt.JarLifecycleMapping lifecycle mapping for MavenProject: com.javaGuides:HIBERNATE_CODE-DECODE:0.0.1-SNAPSHOT @ E:\LEARNINGS\HIBERNATE_CODE-DECODE\pom.xml.
2024-10-13 11:56:16,689 [Worker-23: Updating Maven Project] INFO  o.e.m.c.i.l.LifecycleMappingFactory - Using org.eclipse.m2e.jdt.JarLifecycleMapping lifecycle mapping for MavenProject: com.telusko:Hiberate_1:0.0.1-SNAPSHOT @ E:\LEARNINGS\Hiberate_1\pom.xml.
2024-10-13 11:56:16,821 [Worker-23: Updating Maven Project] INFO  o.e.m.c.i.l.LifecycleMappingFactory - Using org.eclipse.m2e.jdt.JarLifecycleMapping lifecycle mapping for MavenProject: com.telusko:SpringBoot-Actuator:0.0.1-SNAPSHOT @ E:\LEARNINGS\SpringBoot-Actuator\pom.xml.
2024-10-13 11:56:17,084 [Worker-23: Updating Maven Project] INFO  o.e.m.c.i.l.LifecycleMappingFactory - Using org.eclipse.m2e.jdt.JarLifecycleMapping lifecycle mapping for MavenProject: com.telusko:SpringBoot-Annotations:0.0.1-SNAPSHOT @ E:\LEARNINGS\SpringBoot-Annotations\pom.xml.
2024-10-13 11:56:17,259 [Worker-23: Updating Maven Project] INFO  o.e.m.c.i.l.LifecycleMappingFactory - Using org.eclipse.m2e.jdt.JarLifecycleMapping lifecycle mapping for MavenProject: com.coderUlagam:SpringBoot-ConfigServer-Demo:0.0.1-SNAPSHOT @ E:\LEARNINGS\SpringBoot-ConfigServer-Demo\pom.xml.
2024-10-13 11:56:17,749 [Worker-23: Updating Maven Project] INFO  o.e.m.c.i.l.LifecycleMappingFactory - Using org.eclipse.m2e.jdt.JarLifecycleMapping lifecycle mapping for MavenProject: com.javaGuides:SpringBoot-Data-Jpa:0.0.1-SNAPSHOT @ E:\LEARNINGS\SpringBoot-Data-Jpa\pom.xml.
2024-10-13 11:56:17,967 [Worker-23: Updating Maven Project] INFO  o.e.m.c.i.l.LifecycleMappingFactory - Using org.eclipse.m2e.jdt.JarLifecycleMapping lifecycle mapping for MavenProject: com.coderUlagam:SpringBoot-Home-Microservice:0.0.1-SNAPSHOT @ E:\LEARNINGS\SpringBoot-Home-Microservice\pom.xml.
2024-10-13 11:56:18,448 [Worker-23: Updating Maven Project] INFO  o.e.m.c.i.l.LifecycleMappingFactory - Using org.eclipse.m2e.jdt.JarLifecycleMapping lifecycle mapping for MavenProject: com.javaGuides:SpringBoot-JPA-Demo:0.0.1-SNAPSHOT @ E:\LEARNINGS\SpringBoot-JPA-Demo\pom.xml.
2024-10-13 11:56:18,655 [Worker-23: Updating Maven Project] INFO  o.e.m.c.i.l.LifecycleMappingFactory - Using org.eclipse.m2e.jdt.JarLifecycleMapping lifecycle mapping for MavenProject: com.coderUlagam:SpringBoot-Product-Microservice:0.0.1-SNAPSHOT @ E:\LEARNINGS\SpringBoot-Product-Microservice\pom.xml.
2024-10-13 11:56:18,806 [Worker-23: Updating Maven Project] INFO  o.e.m.c.i.l.LifecycleMappingFactory - Using org.eclipse.m2e.jdt.JarLifecycleMapping lifecycle mapping for MavenProject: com.javaGuides:SpringBoot-Security:0.0.1-SNAPSHOT @ E:\LEARNINGS\SpringBoot-Security\pom.xml.
2024-10-13 11:56:18,983 [Worker-23: Updating Maven Project] INFO  o.e.m.c.i.l.LifecycleMappingFactory - Using org.eclipse.m2e.jdt.JarLifecycleMapping lifecycle mapping for MavenProject: com.javaGuides:SpringBoot-Security-JWT:0.0.1-SNAPSHOT @ E:\LEARNINGS\SpringBoot-Security-JWT\pom.xml.
2024-10-13 11:56:19,106 [Worker-23: Updating Maven Project] INFO  o.e.m.c.i.l.LifecycleMappingFactory - Using org.eclipse.m2e.jdt.JarLifecycleMapping lifecycle mapping for MavenProject: com.javaGuides:SpringBoot-Security-OAuth2:0.0.1-SNAPSHOT @ E:\LEARNINGS\SpringBoot-Security-OAuth2\pom.xml.
2024-10-13 11:56:19,257 [Worker-23: Updating Maven Project] INFO  o.e.m.c.i.l.LifecycleMappingFactory - Using org.eclipse.m2e.jdt.JarLifecycleMapping lifecycle mapping for MavenProject: com.coderUlagam:SpringBoot-ServiceDiscovery:0.0.1-SNAPSHOT @ E:\LEARNINGS\SpringBoot-ServiceDiscovery\pom.xml.
2024-10-13 11:56:19,624 [Worker-23: Updating Maven Project] INFO  o.e.m.c.i.l.LifecycleMappingFactory - Using org.eclipse.m2e.jdt.JarLifecycleMapping lifecycle mapping for MavenProject: com.coderUlagam:SpringBoot-employees:0.0.1-SNAPSHOT @ E:\LEARNINGS\SpringBoot-employees\pom.xml.
2024-10-13 11:56:19,801 [Worker-23: Updating Maven Project] INFO  o.e.m.c.i.l.LifecycleMappingFactory - Using org.eclipse.m2e.jdt.JarLifecycleMapping lifecycle mapping for MavenProject: com.coderUlagam:SpringBoot-name:0.0.1-SNAPSHOT @ E:\LEARNINGS\SpringBoot-name\pom.xml.
2024-10-13 11:56:19,937 [Worker-23: Updating Maven Project] INFO  o.e.m.c.i.l.LifecycleMappingFactory - Using org.eclipse.m2e.jdt.JarLifecycleMapping lifecycle mapping for MavenProject: com.javaGuides:SpringBoot-profile:0.0.1-SNAPSHOT @ E:\LEARNINGS\SpringBoot-profile\pom.xml.
2024-10-13 11:56:20,071 [Worker-23: Updating Maven Project] INFO  o.e.m.c.i.l.LifecycleMappingFactory - Using org.eclipse.m2e.jdt.JarLifecycleMapping lifecycle mapping for MavenProject: com.coderUlagam:SpringBoot-salary:0.0.1-SNAPSHOT @ E:\LEARNINGS\SpringBoot-salary\pom.xml.
2024-10-13 11:56:20,226 [Worker-23: Updating Maven Project] INFO  o.e.m.c.i.l.LifecycleMappingFactory - Using org.eclipse.m2e.jdt.JarLifecycleMapping lifecycle mapping for MavenProject: com.javatechie.websocket:SpringBoot-websocket:0.0.1-SNAPSHOT @ E:\LEARNINGS\SpringBoot-websocket\pom.xml.
2024-10-13 11:56:20,531 [Worker-23: Updating Maven Project] INFO  o.e.m.c.i.l.LifecycleMappingFactory - Using org.eclipse.m2e.jdt.JarLifecycleMapping lifecycle mapping for MavenProject: com.coderUlagam:SpringBoot-zuul:0.0.1-SNAPSHOT @ E:\LEARNINGS\SpringBoot-zuul\pom.xml.
2024-10-13 11:56:21,040 [Worker-23: Updating Maven Project] INFO  o.e.m.c.i.l.LifecycleMappingFactory - Using org.eclipse.m2e.jdt.JarLifecycleMapping lifecycle mapping for MavenProject: com.telusko:Telusko_WebApp_2:0.0.1-SNAPSHOT @ E:\LEARNINGS\Telusko_WebApp_2\pom.xml.
2024-10-13 11:56:21,394 [Worker-23: Updating Maven Project] INFO  o.e.m.c.i.l.LifecycleMappingFactory - Using org.eclipse.m2e.jdt.JarLifecycleMapping lifecycle mapping for MavenProject: com.telusko:Telusko_WebApp_DB:0.0.1-SNAPSHOT @ E:\LEARNINGS\Telusko_WebApp_DB\pom.xml.
2024-10-13 11:56:21,588 [Worker-23: Updating Maven Project] INFO  o.e.m.c.i.l.LifecycleMappingFactory - Using org.eclipse.m2e.jdt.JarLifecycleMapping lifecycle mapping for MavenProject: com.telusko:Telusko_WebApp_DB_Rest:0.0.1-SNAPSHOT @ E:\LEARNINGS\Telusko_WebApp_DB_Rest\pom.xml.
2024-10-13 11:56:21,754 [Worker-23: Updating Maven Project] INFO  o.e.m.c.i.l.LifecycleMappingFactory - Using org.eclipse.m2e.jdt.JarLifecycleMapping lifecycle mapping for MavenProject: com..spring.jpa:com..spring.jpa:0.0.1-SNAPSHOT @ E:\LEARNINGS\com..spring.jpa\pom.xml.
2024-10-13 11:56:21,817 [Worker-23: Updating Maven Project] INFO  o.e.m.c.i.l.LifecycleMappingFactory - Using org.eclipse.m2e.jdt.JarLifecycleMapping lifecycle mapping for MavenProject: com.javaGuides:request_check:0.0.1-SNAPSHOT @ E:\LEARNINGS\request_check\pom.xml.
2024-10-13 11:56:29,317 [Worker-23: Updating Maven Project] INFO  o.e.m.j.i.AbstractJavaProjectConfigurator - Adding source folder /HIBERNATE_CODE-DECODE/src/main/java
2024-10-13 11:56:29,317 [Worker-23: Updating Maven Project] INFO  o.e.m.j.i.AbstractJavaProjectConfigurator - Adding resource folder /HIBERNATE_CODE-DECODE/src/main/resources
2024-10-13 11:56:29,317 [Worker-23: Updating Maven Project] INFO  o.e.m.j.i.AbstractJavaProjectConfigurator - Adding resource folder /HIBERNATE_CODE-DECODE/src/main/resources
2024-10-13 11:56:29,318 [Worker-23: Updating Maven Project] INFO  o.e.m.j.i.AbstractJavaProjectConfigurator - Adding source folder /HIBERNATE_CODE-DECODE/src/test/java
2024-10-13 11:56:29,318 [Worker-23: Updating Maven Project] INFO  o.e.m.j.i.AbstractJavaProjectConfigurator - Adding resource folder /HIBERNATE_CODE-DECODE/src/test/resources
2024-10-13 11:56:29,864 [Worker-23: Updating Maven Project] INFO  o.e.m.j.i.AbstractJavaProjectConfigurator - Adding source folder /Hiberate_1/src/main/java
2024-10-13 11:56:29,865 [Worker-23: Updating Maven Project] INFO  o.e.m.j.i.AbstractJavaProjectConfigurator - Adding resource folder /Hiberate_1/src/main/resources
2024-10-13 11:56:29,865 [Worker-23: Updating Maven Project] INFO  o.e.m.j.i.AbstractJavaProjectConfigurator - Adding source folder /Hiberate_1/src/test/java
2024-10-13 11:56:29,866 [Worker-23: Updating Maven Project] INFO  o.e.m.j.i.AbstractJavaProjectConfigurator - Adding resource folder /Hiberate_1/src/test/resources
2024-10-13 11:56:30,146 [Worker-23: Updating Maven Project] INFO  o.e.m.j.i.AbstractJavaProjectConfigurator - Adding source folder /SpringBoot-Actuator/src/main/java
2024-10-13 11:56:30,147 [Worker-23: Updating Maven Project] INFO  o.e.m.j.i.AbstractJavaProjectConfigurator - Adding resource folder /SpringBoot-Actuator/src/main/resources
2024-10-13 11:56:30,147 [Worker-23: Updating Maven Project] INFO  o.e.m.j.i.AbstractJavaProjectConfigurator - Adding resource folder /SpringBoot-Actuator/src/main/resources
2024-10-13 11:56:30,147 [Worker-23: Updating Maven Project] INFO  o.e.m.j.i.AbstractJavaProjectConfigurator - Adding source folder /SpringBoot-Actuator/src/test/java
2024-10-13 11:56:30,147 [Worker-23: Updating Maven Project] INFO  o.e.m.j.i.AbstractJavaProjectConfigurator - Adding resource folder /SpringBoot-Actuator/src/test/resources
2024-10-13 11:56:30,462 [Worker-23: Updating Maven Project] INFO  o.e.m.j.i.AbstractJavaProjectConfigurator - Adding source folder /SpringBoot-Annotations/src/main/java
2024-10-13 11:56:30,463 [Worker-23: Updating Maven Project] INFO  o.e.m.j.i.AbstractJavaProjectConfigurator - Adding resource folder /SpringBoot-Annotations/src/main/resources
2024-10-13 11:56:30,463 [Worker-23: Updating Maven Project] INFO  o.e.m.j.i.AbstractJavaProjectConfigurator - Adding resource folder /SpringBoot-Annotations/src/main/resources
2024-10-13 11:56:30,464 [Worker-23: Updating Maven Project] INFO  o.e.m.j.i.AbstractJavaProjectConfigurator - Adding source folder /SpringBoot-Annotations/src/test/java
2024-10-13 11:56:30,464 [Worker-23: Updating Maven Project] INFO  o.e.m.j.i.AbstractJavaProjectConfigurator - Adding resource folder /SpringBoot-Annotations/src/test/resources
2024-10-13 11:56:30,800 [Worker-23: Updating Maven Project] INFO  o.e.m.j.i.AbstractJavaProjectConfigurator - Adding source folder /SpringBoot-ConfigServer-Demo/src/main/java
2024-10-13 11:56:30,800 [Worker-23: Updating Maven Project] INFO  o.e.m.j.i.AbstractJavaProjectConfigurator - Adding resource folder /SpringBoot-ConfigServer-Demo/src/main/resources
2024-10-13 11:56:30,800 [Worker-23: Updating Maven Project] INFO  o.e.m.j.i.AbstractJavaProjectConfigurator - Adding resource folder /SpringBoot-ConfigServer-Demo/src/main/resources
2024-10-13 11:56:30,801 [Worker-23: Updating Maven Project] INFO  o.e.m.j.i.AbstractJavaProjectConfigurator - Adding source folder /SpringBoot-ConfigServer-Demo/src/test/java
2024-10-13 11:56:30,801 [Worker-23: Updating Maven Project] INFO  o.e.m.j.i.AbstractJavaProjectConfigurator - Adding resource folder /SpringBoot-ConfigServer-Demo/src/test/resources
2024-10-13 11:56:31,332 [Worker-23: Updating Maven Project] INFO  o.e.m.j.i.AbstractJavaProjectConfigurator - Adding source folder /SpringBoot-Data-Jpa/src/main/java
2024-10-13 11:56:31,332 [Worker-23: Updating Maven Project] INFO  o.e.m.j.i.AbstractJavaProjectConfigurator - Adding resource folder /SpringBoot-Data-Jpa/src/main/resources
2024-10-13 11:56:31,333 [Worker-23: Updating Maven Project] INFO  o.e.m.j.i.AbstractJavaProjectConfigurator - Adding resource folder /SpringBoot-Data-Jpa/src/main/resources
2024-10-13 11:56:31,333 [Worker-23: Updating Maven Project] INFO  o.e.m.j.i.AbstractJavaProjectConfigurator - Adding source folder /SpringBoot-Data-Jpa/src/test/java
2024-10-13 11:56:31,334 [Worker-23: Updating Maven Project] INFO  o.e.m.j.i.AbstractJavaProjectConfigurator - Adding resource folder /SpringBoot-Data-Jpa/src/test/resources
2024-10-13 11:56:32,021 [Worker-23: Updating Maven Project] INFO  o.e.m.j.i.AbstractJavaProjectConfigurator - Adding source folder /SpringBoot-Home-Microservice/src/main/java
2024-10-13 11:56:32,021 [Worker-23: Updating Maven Project] INFO  o.e.m.j.i.AbstractJavaProjectConfigurator - Adding resource folder /SpringBoot-Home-Microservice/src/main/resources
2024-10-13 11:56:32,021 [Worker-23: Updating Maven Project] INFO  o.e.m.j.i.AbstractJavaProjectConfigurator - Adding resource folder /SpringBoot-Home-Microservice/src/main/resources
2024-10-13 11:56:32,022 [Worker-23: Updating Maven Project] INFO  o.e.m.j.i.AbstractJavaProjectConfigurator - Adding source folder /SpringBoot-Home-Microservice/src/test/java
2024-10-13 11:56:32,022 [Worker-23: Updating Maven Project] INFO  o.e.m.j.i.AbstractJavaProjectConfigurator - Adding resource folder /SpringBoot-Home-Microservice/src/test/resources
2024-10-13 11:56:32,735 [Worker-23: Updating Maven Project] INFO  o.e.m.j.i.AbstractJavaProjectConfigurator - Adding source folder /SpringBoot-JPA-Demo/src/main/java
2024-10-13 11:56:32,735 [Worker-23: Updating Maven Project] INFO  o.e.m.j.i.AbstractJavaProjectConfigurator - Adding resource folder /SpringBoot-JPA-Demo/src/main/resources
2024-10-13 11:56:32,736 [Worker-23: Updating Maven Project] INFO  o.e.m.j.i.AbstractJavaProjectConfigurator - Adding resource folder /SpringBoot-JPA-Demo/src/main/resources
2024-10-13 11:56:32,736 [Worker-23: Updating Maven Project] INFO  o.e.m.j.i.AbstractJavaProjectConfigurator - Adding source folder /SpringBoot-JPA-Demo/src/test/java
2024-10-13 11:56:32,736 [Worker-23: Updating Maven Project] INFO  o.e.m.j.i.AbstractJavaProjectConfigurator - Adding resource folder /SpringBoot-JPA-Demo/src/test/resources
2024-10-13 11:56:33,096 [Worker-23: Updating Maven Project] INFO  o.e.m.j.i.AbstractJavaProjectConfigurator - Adding source folder /SpringBoot-Product-Microservice/src/main/java
2024-10-13 11:56:33,096 [Worker-23: Updating Maven Project] INFO  o.e.m.j.i.AbstractJavaProjectConfigurator - Adding resource folder /SpringBoot-Product-Microservice/src/main/resources
2024-10-13 11:56:33,096 [Worker-23: Updating Maven Project] INFO  o.e.m.j.i.AbstractJavaProjectConfigurator - Adding resource folder /SpringBoot-Product-Microservice/src/main/resources
2024-10-13 11:56:33,096 [Worker-23: Updating Maven Project] INFO  o.e.m.j.i.AbstractJavaProjectConfigurator - Adding source folder /SpringBoot-Product-Microservice/src/test/java
2024-10-13 11:56:33,096 [Worker-23: Updating Maven Project] INFO  o.e.m.j.i.AbstractJavaProjectConfigurator - Adding resource folder /SpringBoot-Product-Microservice/src/test/resources
2024-10-13 11:56:33,509 [Worker-23: Updating Maven Project] INFO  o.e.m.j.i.AbstractJavaProjectConfigurator - Adding source folder /SpringBoot-Security/src/main/java
2024-10-13 11:56:33,510 [Worker-23: Updating Maven Project] INFO  o.e.m.j.i.AbstractJavaProjectConfigurator - Adding resource folder /SpringBoot-Security/src/main/resources
2024-10-13 11:56:33,510 [Worker-23: Updating Maven Project] INFO  o.e.m.j.i.AbstractJavaProjectConfigurator - Adding resource folder /SpringBoot-Security/src/main/resources
2024-10-13 11:56:33,510 [Worker-23: Updating Maven Project] INFO  o.e.m.j.i.AbstractJavaProjectConfigurator - Adding source folder /SpringBoot-Security/src/test/java
2024-10-13 11:56:33,510 [Worker-23: Updating Maven Project] INFO  o.e.m.j.i.AbstractJavaProjectConfigurator - Adding resource folder /SpringBoot-Security/src/test/resources
2024-10-13 11:56:33,856 [Worker-23: Updating Maven Project] INFO  o.e.m.j.i.AbstractJavaProjectConfigurator - Adding source folder /SpringBoot-Security-JWT/src/main/java
2024-10-13 11:56:33,856 [Worker-23: Updating Maven Project] INFO  o.e.m.j.i.AbstractJavaProjectConfigurator - Adding resource folder /SpringBoot-Security-JWT/src/main/resources
2024-10-13 11:56:33,856 [Worker-23: Updating Maven Project] INFO  o.e.m.j.i.AbstractJavaProjectConfigurator - Adding resource folder /SpringBoot-Security-JWT/src/main/resources
2024-10-13 11:56:33,856 [Worker-23: Updating Maven Project] INFO  o.e.m.j.i.AbstractJavaProjectConfigurator - Adding source folder /SpringBoot-Security-JWT/src/test/java
2024-10-13 11:56:33,856 [Worker-23: Updating Maven Project] INFO  o.e.m.j.i.AbstractJavaProjectConfigurator - Adding resource folder /SpringBoot-Security-JWT/src/test/resources
2024-10-13 11:56:34,109 [Worker-23: Updating Maven Project] INFO  o.e.m.j.i.AbstractJavaProjectConfigurator - Adding source folder /SpringBoot-Security-OAuth2/src/main/java
2024-10-13 11:56:34,110 [Worker-23: Updating Maven Project] INFO  o.e.m.j.i.AbstractJavaProjectConfigurator - Adding resource folder /SpringBoot-Security-OAuth2/src/main/resources
2024-10-13 11:56:34,110 [Worker-23: Updating Maven Project] INFO  o.e.m.j.i.AbstractJavaProjectConfigurator - Adding resource folder /SpringBoot-Security-OAuth2/src/main/resources
2024-10-13 11:56:34,110 [Worker-23: Updating Maven Project] INFO  o.e.m.j.i.AbstractJavaProjectConfigurator - Adding source folder /SpringBoot-Security-OAuth2/src/test/java
2024-10-13 11:56:34,110 [Worker-23: Updating Maven Project] INFO  o.e.m.j.i.AbstractJavaProjectConfigurator - Adding resource folder /SpringBoot-Security-OAuth2/src/test/resources
2024-10-13 11:56:34,476 [Worker-23: Updating Maven Project] INFO  o.e.m.j.i.AbstractJavaProjectConfigurator - Adding source folder /SpringBoot-ServiceDiscovery/src/main/java
2024-10-13 11:56:34,477 [Worker-23: Updating Maven Project] INFO  o.e.m.j.i.AbstractJavaProjectConfigurator - Adding resource folder /SpringBoot-ServiceDiscovery/src/main/resources
2024-10-13 11:56:34,477 [Worker-23: Updating Maven Project] INFO  o.e.m.j.i.AbstractJavaProjectConfigurator - Adding resource folder /SpringBoot-ServiceDiscovery/src/main/resources
2024-10-13 11:56:34,477 [Worker-23: Updating Maven Project] INFO  o.e.m.j.i.AbstractJavaProjectConfigurator - Adding source folder /SpringBoot-ServiceDiscovery/src/test/java
2024-10-13 11:56:34,477 [Worker-23: Updating Maven Project] INFO  o.e.m.j.i.AbstractJavaProjectConfigurator - Adding resource folder /SpringBoot-ServiceDiscovery/src/test/resources
2024-10-13 11:56:35,247 [Worker-23: Updating Maven Project] INFO  o.e.m.j.i.AbstractJavaProjectConfigurator - Adding source folder /SpringBoot-employees/src/main/java
2024-10-13 11:56:35,247 [Worker-23: Updating Maven Project] INFO  o.e.m.j.i.AbstractJavaProjectConfigurator - Adding resource folder /SpringBoot-employees/src/main/resources
2024-10-13 11:56:35,248 [Worker-23: Updating Maven Project] INFO  o.e.m.j.i.AbstractJavaProjectConfigurator - Adding resource folder /SpringBoot-employees/src/main/resources
2024-10-13 11:56:35,248 [Worker-23: Updating Maven Project] INFO  o.e.m.j.i.AbstractJavaProjectConfigurator - Adding source folder /SpringBoot-employees/src/test/java
2024-10-13 11:56:35,248 [Worker-23: Updating Maven Project] INFO  o.e.m.j.i.AbstractJavaProjectConfigurator - Adding resource folder /SpringBoot-employees/src/test/resources
2024-10-13 11:56:35,780 [Worker-23: Updating Maven Project] INFO  o.e.m.j.i.AbstractJavaProjectConfigurator - Adding source folder /SpringBoot-name/src/main/java
2024-10-13 11:56:35,781 [Worker-23: Updating Maven Project] INFO  o.e.m.j.i.AbstractJavaProjectConfigurator - Adding resource folder /SpringBoot-name/src/main/resources
2024-10-13 11:56:35,781 [Worker-23: Updating Maven Project] INFO  o.e.m.j.i.AbstractJavaProjectConfigurator - Adding resource folder /SpringBoot-name/src/main/resources
2024-10-13 11:56:35,782 [Worker-23: Updating Maven Project] INFO  o.e.m.j.i.AbstractJavaProjectConfigurator - Adding source folder /SpringBoot-name/src/test/java
2024-10-13 11:56:35,782 [Worker-23: Updating Maven Project] INFO  o.e.m.j.i.AbstractJavaProjectConfigurator - Adding resource folder /SpringBoot-name/src/test/resources
2024-10-13 11:56:36,143 [Worker-23: Updating Maven Project] INFO  o.e.m.j.i.AbstractJavaProjectConfigurator - Adding source folder /SpringBoot-profile/src/main/java
2024-10-13 11:56:36,143 [Worker-23: Updating Maven Project] INFO  o.e.m.j.i.AbstractJavaProjectConfigurator - Adding resource folder /SpringBoot-profile/src/main/resources
2024-10-13 11:56:36,143 [Worker-23: Updating Maven Project] INFO  o.e.m.j.i.AbstractJavaProjectConfigurator - Adding resource folder /SpringBoot-profile/src/main/resources
2024-10-13 11:56:36,144 [Worker-23: Updating Maven Project] INFO  o.e.m.j.i.AbstractJavaProjectConfigurator - Adding source folder /SpringBoot-profile/src/test/java
2024-10-13 11:56:36,144 [Worker-23: Updating Maven Project] INFO  o.e.m.j.i.AbstractJavaProjectConfigurator - Adding resource folder /SpringBoot-profile/src/test/resources
2024-10-13 11:56:36,492 [Worker-23: Updating Maven Project] INFO  o.e.m.j.i.AbstractJavaProjectConfigurator - Adding source folder /SpringBoot-salary/src/main/java
2024-10-13 11:56:36,492 [Worker-23: Updating Maven Project] INFO  o.e.m.j.i.AbstractJavaProjectConfigurator - Adding resource folder /SpringBoot-salary/src/main/resources
2024-10-13 11:56:36,492 [Worker-23: Updating Maven Project] INFO  o.e.m.j.i.AbstractJavaProjectConfigurator - Adding resource folder /SpringBoot-salary/src/main/resources
2024-10-13 11:56:36,493 [Worker-23: Updating Maven Project] INFO  o.e.m.j.i.AbstractJavaProjectConfigurator - Adding source folder /SpringBoot-salary/src/test/java
2024-10-13 11:56:36,493 [Worker-23: Updating Maven Project] INFO  o.e.m.j.i.AbstractJavaProjectConfigurator - Adding resource folder /SpringBoot-salary/src/test/resources
2024-10-13 11:56:36,799 [Worker-23: Updating Maven Project] INFO  o.e.m.j.i.AbstractJavaProjectConfigurator - Adding source folder /SpringBoot-websocket/src/main/java
2024-10-13 11:56:36,799 [Worker-23: Updating Maven Project] INFO  o.e.m.j.i.AbstractJavaProjectConfigurator - Adding resource folder /SpringBoot-websocket/src/main/resources
2024-10-13 11:56:36,799 [Worker-23: Updating Maven Project] INFO  o.e.m.j.i.AbstractJavaProjectConfigurator - Adding resource folder /SpringBoot-websocket/src/main/resources
2024-10-13 11:56:36,800 [Worker-23: Updating Maven Project] INFO  o.e.m.j.i.AbstractJavaProjectConfigurator - Adding source folder /SpringBoot-websocket/src/test/java
2024-10-13 11:56:36,800 [Worker-23: Updating Maven Project] INFO  o.e.m.j.i.AbstractJavaProjectConfigurator - Adding resource folder /SpringBoot-websocket/src/test/resources
2024-10-13 11:56:37,089 [Worker-23: Updating Maven Project] INFO  o.e.m.j.i.AbstractJavaProjectConfigurator - Adding source folder /SpringBoot-zuul/src/main/java
2024-10-13 11:56:37,089 [Worker-23: Updating Maven Project] INFO  o.e.m.j.i.AbstractJavaProjectConfigurator - Adding resource folder /SpringBoot-zuul/src/main/resources
2024-10-13 11:56:37,089 [Worker-23: Updating Maven Project] INFO  o.e.m.j.i.AbstractJavaProjectConfigurator - Adding resource folder /SpringBoot-zuul/src/main/resources
2024-10-13 11:56:37,089 [Worker-23: Updating Maven Project] INFO  o.e.m.j.i.AbstractJavaProjectConfigurator - Adding source folder /SpringBoot-zuul/src/test/java
2024-10-13 11:56:37,090 [Worker-23: Updating Maven Project] INFO  o.e.m.j.i.AbstractJavaProjectConfigurator - Adding resource folder /SpringBoot-zuul/src/test/resources
2024-10-13 11:56:37,646 [Worker-23: Updating Maven Project] INFO  o.e.m.j.i.AbstractJavaProjectConfigurator - Adding source folder /Telusko_WebApp_2/src/main/java
2024-10-13 11:56:37,646 [Worker-23: Updating Maven Project] INFO  o.e.m.j.i.AbstractJavaProjectConfigurator - Adding resource folder /Telusko_WebApp_2/src/main/resources
2024-10-13 11:56:37,647 [Worker-23: Updating Maven Project] INFO  o.e.m.j.i.AbstractJavaProjectConfigurator - Adding resource folder /Telusko_WebApp_2/src/main/resources
2024-10-13 11:56:37,650 [Worker-23: Updating Maven Project] INFO  o.e.m.j.i.AbstractJavaProjectConfigurator - Adding source folder /Telusko_WebApp_2/src/test/java
2024-10-13 11:56:37,650 [Worker-23: Updating Maven Project] INFO  o.e.m.j.i.AbstractJavaProjectConfigurator - Adding resource folder /Telusko_WebApp_2/src/test/resources
2024-10-13 11:56:38,154 [Worker-23: Updating Maven Project] INFO  o.e.m.j.i.AbstractJavaProjectConfigurator - Adding source folder /Telusko_WebApp_DB/src/main/java
2024-10-13 11:56:38,154 [Worker-23: Updating Maven Project] INFO  o.e.m.j.i.AbstractJavaProjectConfigurator - Adding resource folder /Telusko_WebApp_DB/src/main/resources
2024-10-13 11:56:38,154 [Worker-23: Updating Maven Project] INFO  o.e.m.j.i.AbstractJavaProjectConfigurator - Adding resource folder /Telusko_WebApp_DB/src/main/resources
2024-10-13 11:56:38,154 [Worker-23: Updating Maven Project] INFO  o.e.m.j.i.AbstractJavaProjectConfigurator - Adding source folder /Telusko_WebApp_DB/src/test/java
2024-10-13 11:56:38,155 [Worker-23: Updating Maven Project] INFO  o.e.m.j.i.AbstractJavaProjectConfigurator - Adding resource folder /Telusko_WebApp_DB/src/test/resources
2024-10-13 11:56:38,509 [Worker-23: Updating Maven Project] INFO  o.e.m.j.i.AbstractJavaProjectConfigurator - Adding source folder /Telusko_WebApp_DB_Rest/src/main/java
2024-10-13 11:56:38,509 [Worker-23: Updating Maven Project] INFO  o.e.m.j.i.AbstractJavaProjectConfigurator - Adding resource folder /Telusko_WebApp_DB_Rest/src/main/resources
2024-10-13 11:56:38,509 [Worker-23: Updating Maven Project] INFO  o.e.m.j.i.AbstractJavaProjectConfigurator - Adding resource folder /Telusko_WebApp_DB_Rest/src/main/resources
2024-10-13 11:56:38,509 [Worker-23: Updating Maven Project] INFO  o.e.m.j.i.AbstractJavaProjectConfigurator - Adding source folder /Telusko_WebApp_DB_Rest/src/test/java
2024-10-13 11:56:38,510 [Worker-23: Updating Maven Project] INFO  o.e.m.j.i.AbstractJavaProjectConfigurator - Adding resource folder /Telusko_WebApp_DB_Rest/src/test/resources
2024-10-13 11:56:38,880 [Worker-23: Updating Maven Project] INFO  o.e.m.j.i.AbstractJavaProjectConfigurator - Adding source folder /com..spring.jpa/src/main/java
2024-10-13 11:56:38,880 [Worker-23: Updating Maven Project] INFO  o.e.m.j.i.AbstractJavaProjectConfigurator - Adding resource folder /com..spring.jpa/src/main/resources
2024-10-13 11:56:38,880 [Worker-23: Updating Maven Project] INFO  o.e.m.j.i.AbstractJavaProjectConfigurator - Adding source folder /com..spring.jpa/src/test/java
2024-10-13 11:56:38,880 [Worker-23: Updating Maven Project] INFO  o.e.m.j.i.AbstractJavaProjectConfigurator - Adding resource folder /com..spring.jpa/src/test/resources
2024-10-13 11:56:38,968 [Worker-23: Updating Maven Project] INFO  o.e.m.j.i.AbstractJavaProjectConfigurator - Adding source folder /request_check/src/main/java
2024-10-13 11:56:38,968 [Worker-23: Updating Maven Project] INFO  o.e.m.j.i.AbstractJavaProjectConfigurator - Adding resource folder /request_check/src/main/resources
2024-10-13 11:56:38,968 [Worker-23: Updating Maven Project] INFO  o.e.m.j.i.AbstractJavaProjectConfigurator - Adding resource folder /request_check/src/main/resources
2024-10-13 11:56:38,968 [Worker-23: Updating Maven Project] INFO  o.e.m.j.i.AbstractJavaProjectConfigurator - Adding source folder /request_check/src/test/java
2024-10-13 11:56:38,968 [Worker-23: Updating Maven Project] INFO  o.e.m.j.i.AbstractJavaProjectConfigurator - Adding resource folder /request_check/src/test/resources
2024-10-13 11:56:40,579 [Worker-23: Updating Maven Project] INFO  o.e.m.c.i.p.ProjectConfigurationManager - Update completed for 24 poms: local refresh takes 0.00 sec, refresh facades takes 21.00 sec, update config takes 9.00 sec 
2024-10-13 11:56:41,599 [Worker-34: Building] INFO  o.a.m.s.f.DefaultMavenResourcesFiltering - Copying 1 resource from src\main\resources to target\classes
2024-10-13 11:56:41,632 [Worker-34: Building] INFO  o.a.m.s.f.DefaultMavenResourcesFiltering - Copying 0 resource from src\main\resources to target\classes
2024-10-13 11:56:41,637 [Worker-34: Building] INFO  o.a.m.s.f.DefaultMavenResourcesFiltering - skip non existing resourceDirectory E:\LEARNINGS\HIBERNATE_CODE-DECODE\src\test\resources
2024-10-13 11:56:41,685 [Worker-34: Building] WARN  o.a.m.l.i.DefaultMojoExecutionConfigurator - [1;33mParameter '[0;1;33mgroupId[0;1;33m' is unknown for plugin '[0;1;33mspring-boot-maven-plugin[0;1;33m:[0;1;33m3.3.4[0;1;33m:[0;1;33mrepackage[0;1;33m ([0;1;33mrepackage[0;1;33m)[0;1;33m'[m
2024-10-13 11:56:41,688 [Worker-34: Building] WARN  o.a.m.l.i.DefaultMojoExecutionConfigurator - [1;33mParameter '[0;1;33martifactId[0;1;33m' is unknown for plugin '[0;1;33mspring-boot-maven-plugin[0;1;33m:[0;1;33m3.3.4[0;1;33m:[0;1;33mrepackage[0;1;33m ([0;1;33mrepackage[0;1;33m)[0;1;33m'[m
2024-10-13 11:56:42,195 [Worker-34: Building] INFO  o.a.m.s.f.DefaultMavenResourcesFiltering - skip non existing resourceDirectory E:\LEARNINGS\Hiberate_1\src\main\resources
2024-10-13 11:56:42,199 [Worker-34: Building] INFO  o.a.m.s.f.DefaultMavenResourcesFiltering - skip non existing resourceDirectory E:\LEARNINGS\Hiberate_1\src\test\resources
2024-10-13 11:56:43,114 [Worker-1: Building] INFO  o.a.m.s.f.DefaultMavenResourcesFiltering - Copying 1 resource from src\main\resources to target\classes
2024-10-13 11:56:43,132 [Worker-1: Building] INFO  o.a.m.s.f.DefaultMavenResourcesFiltering - Copying 0 resource from src\main\resources to target\classes
2024-10-13 11:56:43,136 [Worker-1: Building] INFO  o.a.m.s.f.DefaultMavenResourcesFiltering - skip non existing resourceDirectory E:\LEARNINGS\SpringBoot-Actuator\src\test\resources
2024-10-13 11:56:43,911 [Worker-1: Building] INFO  o.a.m.s.f.DefaultMavenResourcesFiltering - Copying 1 resource from src\main\resources to target\classes
2024-10-13 11:56:43,933 [Worker-1: Building] INFO  o.a.m.s.f.DefaultMavenResourcesFiltering - Copying 0 resource from src\main\resources to target\classes
2024-10-13 11:56:43,939 [Worker-1: Building] INFO  o.a.m.s.f.DefaultMavenResourcesFiltering - skip non existing resourceDirectory E:\LEARNINGS\SpringBoot-Annotations\src\test\resources
2024-10-13 11:56:44,210 [Worker-1: Building] INFO  o.a.m.s.f.DefaultMavenResourcesFiltering - Copying 1 resource from src\main\resources to target\classes
2024-10-13 11:56:44,228 [Worker-1: Building] INFO  o.a.m.s.f.DefaultMavenResourcesFiltering - Copying 0 resource from src\main\resources to target\classes
2024-10-13 11:56:44,233 [Worker-1: Building] INFO  o.a.m.s.f.DefaultMavenResourcesFiltering - skip non existing resourceDirectory E:\LEARNINGS\SpringBoot-ConfigServer-Demo\src\test\resources
2024-10-13 11:56:44,891 [Worker-26: Building] INFO  o.a.m.s.f.DefaultMavenResourcesFiltering - Copying 1 resource from src\main\resources to target\classes
2024-10-13 11:56:44,913 [Worker-26: Building] INFO  o.a.m.s.f.DefaultMavenResourcesFiltering - Copying 1 resource from src\main\resources to target\classes
2024-10-13 11:56:44,923 [Worker-26: Building] INFO  o.a.m.s.f.DefaultMavenResourcesFiltering - skip non existing resourceDirectory E:\LEARNINGS\SpringBoot-Data-Jpa\src\test\resources
2024-10-13 11:56:45,211 [Worker-26: Building] INFO  o.a.m.s.f.DefaultMavenResourcesFiltering - Copying 1 resource from src\main\resources to target\classes
2024-10-13 11:56:45,234 [Worker-26: Building] INFO  o.a.m.s.f.DefaultMavenResourcesFiltering - Copying 0 resource from src\main\resources to target\classes
2024-10-13 11:56:45,238 [Worker-26: Building] INFO  o.a.m.s.f.DefaultMavenResourcesFiltering - skip non existing resourceDirectory E:\LEARNINGS\SpringBoot-Home-Microservice\src\test\resources
2024-10-13 11:56:45,642 [Worker-26: Building] INFO  o.a.m.s.f.DefaultMavenResourcesFiltering - Copying 1 resource from src\main\resources to target\classes
2024-10-13 11:56:45,665 [Worker-26: Building] INFO  o.a.m.s.f.DefaultMavenResourcesFiltering - Copying 0 resource from src\main\resources to target\classes
2024-10-13 11:56:45,670 [Worker-26: Building] INFO  o.a.m.s.f.DefaultMavenResourcesFiltering - skip non existing resourceDirectory E:\LEARNINGS\SpringBoot-JPA-Demo\src\test\resources
2024-10-13 11:56:45,916 [Worker-26: Building] INFO  o.a.m.s.f.DefaultMavenResourcesFiltering - Copying 2 resources from src\main\resources to target\classes
2024-10-13 11:56:45,941 [Worker-26: Building] INFO  o.a.m.s.f.DefaultMavenResourcesFiltering - Copying 0 resource from src\main\resources to target\classes
2024-10-13 11:56:45,946 [Worker-26: Building] INFO  o.a.m.s.f.DefaultMavenResourcesFiltering - skip non existing resourceDirectory E:\LEARNINGS\SpringBoot-Product-Microservice\src\test\resources
2024-10-13 11:56:46,605 [Worker-21: Building] INFO  o.a.m.s.f.DefaultMavenResourcesFiltering - Copying 1 resource from src\main\resources to target\classes
2024-10-13 11:56:46,635 [Worker-21: Building] INFO  o.a.m.s.f.DefaultMavenResourcesFiltering - Copying 0 resource from src\main\resources to target\classes
2024-10-13 11:56:46,641 [Worker-21: Building] INFO  o.a.m.s.f.DefaultMavenResourcesFiltering - Copying 0 resource from src\test\resources to target\test-classes
2024-10-13 11:56:46,949 [Worker-21: Building] INFO  o.a.m.s.f.DefaultMavenResourcesFiltering - Copying 1 resource from src\main\resources to target\classes
2024-10-13 11:56:46,968 [Worker-21: Building] INFO  o.a.m.s.f.DefaultMavenResourcesFiltering - Copying 0 resource from src\main\resources to target\classes
2024-10-13 11:56:46,973 [Worker-21: Building] INFO  o.a.m.s.f.DefaultMavenResourcesFiltering - skip non existing resourceDirectory E:\LEARNINGS\SpringBoot-Security-JWT\src\test\resources
2024-10-13 11:56:47,284 [Worker-21: Building] INFO  o.a.m.s.f.DefaultMavenResourcesFiltering - Copying 1 resource from src\main\resources to target\classes
2024-10-13 11:56:47,301 [Worker-21: Building] INFO  o.a.m.s.f.DefaultMavenResourcesFiltering - Copying 0 resource from src\main\resources to target\classes
2024-10-13 11:56:47,305 [Worker-21: Building] INFO  o.a.m.s.f.DefaultMavenResourcesFiltering - skip non existing resourceDirectory E:\LEARNINGS\SpringBoot-Security-OAuth2\src\test\resources
2024-10-13 11:56:47,503 [Worker-21: Building] INFO  o.a.m.s.f.DefaultMavenResourcesFiltering - Copying 1 resource from src\main\resources to target\classes
2024-10-13 11:56:47,519 [Worker-21: Building] INFO  o.a.m.s.f.DefaultMavenResourcesFiltering - Copying 0 resource from src\main\resources to target\classes
2024-10-13 11:56:47,524 [Worker-21: Building] INFO  o.a.m.s.f.DefaultMavenResourcesFiltering - skip non existing resourceDirectory E:\LEARNINGS\SpringBoot-ServiceDiscovery\src\test\resources
2024-10-13 11:56:48,059 [Worker-28: Building] INFO  o.a.m.s.f.DefaultMavenResourcesFiltering - Copying 1 resource from src\main\resources to target\classes
2024-10-13 11:56:48,074 [Worker-28: Building] INFO  o.a.m.s.f.DefaultMavenResourcesFiltering - Copying 0 resource from src\main\resources to target\classes
2024-10-13 11:56:48,077 [Worker-28: Building] INFO  o.a.m.s.f.DefaultMavenResourcesFiltering - skip non existing resourceDirectory E:\LEARNINGS\SpringBoot-employees\src\test\resources
2024-10-13 11:56:48,225 [Worker-28: Building] INFO  o.a.m.s.f.DefaultMavenResourcesFiltering - Copying 1 resource from src\main\resources to target\classes
2024-10-13 11:56:48,239 [Worker-28: Building] INFO  o.a.m.s.f.DefaultMavenResourcesFiltering - Copying 0 resource from src\main\resources to target\classes
2024-10-13 11:56:48,242 [Worker-28: Building] INFO  o.a.m.s.f.DefaultMavenResourcesFiltering - skip non existing resourceDirectory E:\LEARNINGS\SpringBoot-name\src\test\resources
2024-10-13 11:56:48,416 [Worker-28: Building] INFO  o.a.m.s.f.DefaultMavenResourcesFiltering - Copying 3 resources from src\main\resources to target\classes
2024-10-13 11:56:48,429 [Worker-28: Building] INFO  o.a.m.s.f.DefaultMavenResourcesFiltering - Copying 0 resource from src\main\resources to target\classes
2024-10-13 11:56:48,433 [Worker-28: Building] INFO  o.a.m.s.f.DefaultMavenResourcesFiltering - Copying 0 resource from src\test\resources to target\test-classes
2024-10-13 11:56:48,586 [Worker-28: Building] INFO  o.a.m.s.f.DefaultMavenResourcesFiltering - Copying 1 resource from src\main\resources to target\classes
2024-10-13 11:56:48,598 [Worker-28: Building] INFO  o.a.m.s.f.DefaultMavenResourcesFiltering - Copying 0 resource from src\main\resources to target\classes
2024-10-13 11:56:48,601 [Worker-28: Building] INFO  o.a.m.s.f.DefaultMavenResourcesFiltering - skip non existing resourceDirectory E:\LEARNINGS\SpringBoot-salary\src\test\resources
2024-10-13 11:56:48,815 [Worker-28: Building] INFO  o.a.m.s.f.DefaultMavenResourcesFiltering - Copying 1 resource from src\main\resources to target\classes
2024-10-13 11:56:48,831 [Worker-28: Building] INFO  o.a.m.s.f.DefaultMavenResourcesFiltering - Copying 4 resources from src\main\resources to target\classes
2024-10-13 11:56:48,867 [Worker-28: Building] INFO  o.a.m.s.f.DefaultMavenResourcesFiltering - skip non existing resourceDirectory E:\LEARNINGS\SpringBoot-websocket\src\test\resources
2024-10-13 11:56:49,069 [Worker-28: Building] INFO  o.a.m.s.f.DefaultMavenResourcesFiltering - Copying 2 resources from src\main\resources to target\classes
2024-10-13 11:56:49,081 [Worker-28: Building] INFO  o.a.m.s.f.DefaultMavenResourcesFiltering - Copying 0 resource from src\main\resources to target\classes
2024-10-13 11:56:49,084 [Worker-28: Building] INFO  o.a.m.s.f.DefaultMavenResourcesFiltering - skip non existing resourceDirectory E:\LEARNINGS\SpringBoot-zuul\src\test\resources
2024-10-13 11:56:49,412 [Worker-28: Building] INFO  o.a.m.s.f.DefaultMavenResourcesFiltering - Copying 1 resource from src\main\resources to target\classes
2024-10-13 11:56:49,430 [Worker-28: Building] INFO  o.a.m.s.f.DefaultMavenResourcesFiltering - Copying 0 resource from src\main\resources to target\classes
2024-10-13 11:56:49,433 [Worker-28: Building] INFO  o.a.m.s.f.DefaultMavenResourcesFiltering - skip non existing resourceDirectory E:\LEARNINGS\Telusko_WebApp_2\src\test\resources
2024-10-13 11:56:49,820 [Worker-1: Building] INFO  o.a.m.s.f.DefaultMavenResourcesFiltering - Copying 1 resource from src\main\resources to target\classes
2024-10-13 11:56:49,834 [Worker-1: Building] INFO  o.a.m.s.f.DefaultMavenResourcesFiltering - Copying 0 resource from src\main\resources to target\classes
2024-10-13 11:56:49,838 [Worker-1: Building] INFO  o.a.m.s.f.DefaultMavenResourcesFiltering - skip non existing resourceDirectory E:\LEARNINGS\Telusko_WebApp_DB\src\test\resources
2024-10-13 11:56:50,025 [Worker-1: Building] INFO  o.a.m.s.f.DefaultMavenResourcesFiltering - Copying 1 resource from src\main\resources to target\classes
2024-10-13 11:56:50,037 [Worker-1: Building] INFO  o.a.m.s.f.DefaultMavenResourcesFiltering - Copying 0 resource from src\main\resources to target\classes
2024-10-13 11:56:50,042 [Worker-1: Building] INFO  o.a.m.s.f.DefaultMavenResourcesFiltering - skip non existing resourceDirectory E:\LEARNINGS\Telusko_WebApp_DB_Rest\src\test\resources
2024-10-13 11:56:50,108 [Worker-1: Building] INFO  o.a.m.s.f.DefaultMavenResourcesFiltering - Copying 1 resource from src\main\resources to target\classes
2024-10-13 11:56:50,114 [Worker-1: Building] INFO  o.a.m.s.f.DefaultMavenResourcesFiltering - skip non existing resourceDirectory E:\LEARNINGS\com..spring.jpa\src\test\resources
2024-10-13 11:56:50,233 [Worker-1: Building] INFO  o.a.m.s.f.DefaultMavenResourcesFiltering - Copying 1 resource from src\main\resources to target\classes
2024-10-13 11:56:50,247 [Worker-1: Building] INFO  o.a.m.s.f.DefaultMavenResourcesFiltering - Copying 0 resource from src\main\resources to target\classes
2024-10-13 11:56:50,250 [Worker-1: Building] INFO  o.a.m.s.f.DefaultMavenResourcesFiltering - skip non existing resourceDirectory E:\LEARNINGS\request_check\src\test\resources
2024-10-13 13:34:07,532 [Worker-2: Loading available Gradle versions] INFO  o.e.b.c.i.u.g.PublishedGradleVersions - Gradle version information cache is up-to-date. Trying to read.
